{"/home/travis/build/npmtest/node-npmtest-react-native-style-tachyons/test.js":{"path":"/home/travis/build/npmtest/node-npmtest-react-native-style-tachyons/test.js","s":{"1":2,"2":2,"3":2,"4":2,"5":2,"6":2,"7":2,"8":1,"9":2,"10":2,"11":1,"12":1,"13":1,"14":1,"15":2,"16":2,"17":2,"18":2,"19":1,"20":1,"21":2,"22":2,"23":2,"24":1,"25":1,"26":1,"27":1,"28":1,"29":1,"30":1,"31":1,"32":1,"33":1,"34":1,"35":1,"36":1,"37":1,"38":1,"39":2,"40":2,"41":1,"42":2,"43":2,"44":1,"45":2,"46":2,"47":1,"48":2,"49":2,"50":1,"51":1,"52":1,"53":1,"54":1},"b":{"1":[2,1,1,1],"2":[1,1,1,1],"3":[1,1],"4":[1,1],"5":[1,1],"6":[1,1],"7":[1,1],"8":[1,1],"9":[1,1],"10":[1,1,1],"11":[1,1],"12":[1,1],"13":[1,1],"14":[1,1],"15":[1,1],"16":[1,1],"17":[1,1]},"f":{"1":2,"2":2,"3":2,"4":2,"5":2,"6":1,"7":1,"8":1,"9":2,"10":2,"11":2,"12":2,"13":1},"fnMap":{"1":{"name":"(anonymous_1)","line":12,"loc":{"start":{"line":12,"column":1},"end":{"line":12,"column":13}}},"2":{"name":"(anonymous_2)","line":19,"loc":{"start":{"line":19,"column":5},"end":{"line":19,"column":17}}},"3":{"name":"(anonymous_3)","line":23,"loc":{"start":{"line":23,"column":24},"end":{"line":23,"column":36}}},"4":{"name":"(anonymous_4)","line":61,"loc":{"start":{"line":61,"column":5},"end":{"line":61,"column":17}}},"5":{"name":"(anonymous_5)","line":82,"loc":{"start":{"line":82,"column":5},"end":{"line":82,"column":17}}},"6":{"name":"(anonymous_6)","line":91,"loc":{"start":{"line":91,"column":77},"end":{"line":94,"column":10}}},"7":{"name":"(anonymous_7)","line":112,"loc":{"start":{"line":112,"column":83},"end":{"line":115,"column":10}},"skip":true},"8":{"name":"(anonymous_8)","line":123,"loc":{"start":{"line":123,"column":77},"end":{"line":126,"column":10}},"skip":true},"9":{"name":"(anonymous_9)","line":139,"loc":{"start":{"line":139,"column":12},"end":{"line":139,"column":40}},"skip":true},"10":{"name":"(anonymous_10)","line":147,"loc":{"start":{"line":147,"column":77},"end":{"line":150,"column":10}},"skip":true},"11":{"name":"(anonymous_11)","line":158,"loc":{"start":{"line":158,"column":83},"end":{"line":161,"column":10}},"skip":true},"12":{"name":"(anonymous_12)","line":169,"loc":{"start":{"line":169,"column":79},"end":{"line":172,"column":10}},"skip":true},"13":{"name":"(anonymous_13)","line":180,"loc":{"start":{"line":180,"column":75},"end":{"line":183,"column":10}},"skip":true}},"statementMap":{"1":{"start":{"line":12,"column":0},"end":{"line":195,"column":5}},"2":{"start":{"line":14,"column":4},"end":{"line":14,"column":14}},"3":{"start":{"line":19,"column":4},"end":{"line":56,"column":9}},"4":{"start":{"line":21,"column":8},"end":{"line":21,"column":19}},"5":{"start":{"line":23,"column":8},"end":{"line":35,"column":13}},"6":{"start":{"line":24,"column":12},"end":{"line":34,"column":13}},"7":{"start":{"line":25,"column":16},"end":{"line":28,"column":30}},"8":{"start":{"line":30,"column":16},"end":{"line":33,"column":27}},"9":{"start":{"line":37,"column":8},"end":{"line":39,"column":21}},"10":{"start":{"line":40,"column":8},"end":{"line":53,"column":9}},"11":{"start":{"line":43,"column":12},"end":{"line":46,"column":14}},"12":{"start":{"line":47,"column":12},"end":{"line":47,"column":18}},"13":{"start":{"line":50,"column":12},"end":{"line":51,"column":33}},"14":{"start":{"line":52,"column":12},"end":{"line":52,"column":18}},"15":{"start":{"line":55,"column":8},"end":{"line":55,"column":35}},"16":{"start":{"line":61,"column":4},"end":{"line":63,"column":9}},"17":{"start":{"line":62,"column":8},"end":{"line":62,"column":15}},"18":{"start":{"line":64,"column":4},"end":{"line":77,"column":5}},"19":{"start":{"line":70,"column":8},"end":{"line":70,"column":14}},"20":{"start":{"line":76,"column":8},"end":{"line":76,"column":14}},"21":{"start":{"line":82,"column":4},"end":{"line":84,"column":9}},"22":{"start":{"line":83,"column":8},"end":{"line":83,"column":15}},"23":{"start":{"line":85,"column":4},"end":{"line":194,"column":5}},"24":{"start":{"line":91,"column":8},"end":{"line":99,"column":10}},"25":{"start":{"line":98,"column":12},"end":{"line":98,"column":35}},"26":{"start":{"line":102,"column":8},"end":{"line":104,"column":63}},"27":{"start":{"line":105,"column":8},"end":{"line":105,"column":14}},"28":{"start":{"line":112,"column":8},"end":{"line":121,"column":10},"skip":true},"29":{"start":{"line":119,"column":12},"end":{"line":119,"column":55},"skip":true},"30":{"start":{"line":120,"column":12},"end":{"line":120,"column":48},"skip":true},"31":{"start":{"line":123,"column":8},"end":{"line":136,"column":10},"skip":true},"32":{"start":{"line":130,"column":12},"end":{"line":130,"column":76},"skip":true},"33":{"start":{"line":131,"column":12},"end":{"line":131,"column":73},"skip":true},"34":{"start":{"line":132,"column":12},"end":{"line":132,"column":74},"skip":true},"35":{"start":{"line":133,"column":12},"end":{"line":133,"column":79},"skip":true},"36":{"start":{"line":134,"column":12},"end":{"line":134,"column":25},"skip":true},"37":{"start":{"line":135,"column":12},"end":{"line":135,"column":45},"skip":true},"38":{"start":{"line":138,"column":8},"end":{"line":145,"column":14},"skip":true},"39":{"start":{"line":143,"column":16},"end":{"line":143,"column":29},"skip":true},"40":{"start":{"line":144,"column":16},"end":{"line":144,"column":55},"skip":true},"41":{"start":{"line":147,"column":8},"end":{"line":156,"column":10},"skip":true},"42":{"start":{"line":154,"column":12},"end":{"line":154,"column":25},"skip":true},"43":{"start":{"line":155,"column":12},"end":{"line":155,"column":45},"skip":true},"44":{"start":{"line":158,"column":8},"end":{"line":167,"column":10},"skip":true},"45":{"start":{"line":165,"column":12},"end":{"line":165,"column":25},"skip":true},"46":{"start":{"line":166,"column":12},"end":{"line":166,"column":48},"skip":true},"47":{"start":{"line":169,"column":8},"end":{"line":178,"column":10},"skip":true},"48":{"start":{"line":176,"column":12},"end":{"line":176,"column":25},"skip":true},"49":{"start":{"line":177,"column":12},"end":{"line":177,"column":46},"skip":true},"50":{"start":{"line":180,"column":8},"end":{"line":189,"column":10},"skip":true},"51":{"start":{"line":187,"column":12},"end":{"line":187,"column":94},"skip":true},"52":{"start":{"line":188,"column":12},"end":{"line":188,"column":48},"skip":true},"53":{"start":{"line":192,"column":8},"end":{"line":192,"column":35},"skip":true},"54":{"start":{"line":193,"column":8},"end":{"line":193,"column":14},"skip":true}},"branchMap":{"1":{"line":25,"type":"binary-expr","locations":[{"start":{"line":25,"column":23},"end":{"line":25,"column":62}},{"start":{"line":26,"column":20},"end":{"line":26,"column":70}},{"start":{"line":27,"column":20},"end":{"line":27,"column":71}},{"start":{"line":28,"column":20},"end":{"line":28,"column":29}}]},"2":{"line":30,"type":"binary-expr","locations":[{"start":{"line":30,"column":23},"end":{"line":30,"column":37}},{"start":{"line":31,"column":20},"end":{"line":31,"column":61}},{"start":{"line":32,"column":20},"end":{"line":32,"column":70}},{"start":{"line":33,"column":20},"end":{"line":33,"column":26}}]},"3":{"line":37,"type":"cond-expr","locations":[{"start":{"line":38,"column":14},"end":{"line":38,"column":20}},{"start":{"line":39,"column":14},"end":{"line":39,"column":20}}]},"4":{"line":40,"type":"switch","locations":[{"start":{"line":42,"column":8},"end":{"line":47,"column":18}},{"start":{"line":49,"column":8},"end":{"line":52,"column":18}}]},"5":{"line":44,"type":"binary-expr","locations":[{"start":{"line":44,"column":16},"end":{"line":44,"column":44}},{"start":{"line":44,"column":48},"end":{"line":44,"column":66}}]},"6":{"line":50,"type":"binary-expr","locations":[{"start":{"line":50,"column":21},"end":{"line":50,"column":49}},{"start":{"line":50,"column":53},"end":{"line":50,"column":72}}]},"7":{"line":64,"type":"switch","locations":[{"start":{"line":69,"column":4},"end":{"line":70,"column":14}},{"start":{"line":75,"column":4},"end":{"line":76,"column":14}}]},"8":{"line":85,"type":"switch","locations":[{"start":{"line":90,"column":4},"end":{"line":105,"column":14}},{"start":{"line":111,"column":4},"end":{"line":193,"column":14},"skip":true}]},"9":{"line":91,"type":"binary-expr","locations":[{"start":{"line":91,"column":42},"end":{"line":91,"column":73}},{"start":{"line":91,"column":77},"end":{"line":99,"column":9}}]},"10":{"line":102,"type":"binary-expr","locations":[{"start":{"line":102,"column":18},"end":{"line":102,"column":32}},{"start":{"line":103,"column":12},"end":{"line":103,"column":53}},{"start":{"line":104,"column":12},"end":{"line":104,"column":61}}]},"11":{"line":112,"type":"binary-expr","locations":[{"start":{"line":112,"column":45},"end":{"line":112,"column":79},"skip":true},{"start":{"line":112,"column":83},"end":{"line":121,"column":9},"skip":true}]},"12":{"line":123,"type":"binary-expr","locations":[{"start":{"line":123,"column":42},"end":{"line":123,"column":73},"skip":true},{"start":{"line":123,"column":77},"end":{"line":136,"column":9},"skip":true}]},"13":{"line":138,"type":"binary-expr","locations":[{"start":{"line":138,"column":48},"end":{"line":138,"column":85},"skip":true},{"start":{"line":139,"column":12},"end":{"line":145,"column":13},"skip":true}]},"14":{"line":147,"type":"binary-expr","locations":[{"start":{"line":147,"column":42},"end":{"line":147,"column":73},"skip":true},{"start":{"line":147,"column":77},"end":{"line":156,"column":9},"skip":true}]},"15":{"line":158,"type":"binary-expr","locations":[{"start":{"line":158,"column":45},"end":{"line":158,"column":79},"skip":true},{"start":{"line":158,"column":83},"end":{"line":167,"column":9},"skip":true}]},"16":{"line":169,"type":"binary-expr","locations":[{"start":{"line":169,"column":43},"end":{"line":169,"column":75},"skip":true},{"start":{"line":169,"column":79},"end":{"line":178,"column":9},"skip":true}]},"17":{"line":180,"type":"binary-expr","locations":[{"start":{"line":180,"column":41},"end":{"line":180,"column":71},"skip":true},{"start":{"line":180,"column":75},"end":{"line":189,"column":9},"skip":true}]}},"code":["/* istanbul instrument in package npmtest_react_native_style_tachyons */","/*jslint","    bitwise: true,","    browser: true,","    maxerr: 8,","    maxlen: 96,","    node: true,","    nomen: true,","    regexp: true,","    stupid: true","*/","(function () {","    'use strict';","    var local;","","","","    // run shared js-env code - init-before","    (function () {","        // init local","        local = {};","        // init modeJs","        local.modeJs = (function () {","            try {","                return typeof navigator.userAgent === 'string' &&","                    typeof document.querySelector('body') === 'object' &&","                    typeof XMLHttpRequest.prototype.open === 'function' &&","                    'browser';","            } catch (errorCaughtBrowser) {","                return module.exports &&","                    typeof process.versions.node === 'string' &&","                    typeof require('http').createServer === 'function' &&","                    'node';","            }","        }());","        // init global","        local.global = local.modeJs === 'browser'","            ? window","            : global;","        switch (local.modeJs) {","        // re-init local from window.local","        case 'browser':","            local = local.global.utility2.objectSetDefault(","                local.global.utility2_rollup || local.global.local,","                local.global.utility2","            );","            break;","        // re-init local from example.js","        case 'node':","            local = (local.global.utility2_rollup || require('utility2'))","                .requireReadme();","            break;","        }","        // export local","        local.global.local = local;","    }());","","","","    // run shared js-env code - function","    (function () {","        return;","    }());","    switch (local.modeJs) {","","","","    // run browser js-env code - function","    case 'browser':","        break;","","","","    // run node js-env code - function","    case 'node':","        break;","    }","","","","    // run shared js-env code - init-after","    (function () {","        return;","    }());","    switch (local.modeJs) {","","","","    // run browser js-env code - init-after","    case 'browser':","        local.testCase_browser_nullCase = local.testCase_browser_nullCase || function (","            options,","            onError","        ) {","        /*","         * this function will test browsers's null-case handling-behavior-behavior","         */","            onError(null, options);","        };","","        // run tests","        local.nop(local.modeTest &&","            document.querySelector('#testRunButton1') &&","            document.querySelector('#testRunButton1').click());","        break;","","","","    // run node js-env code - init-after","    /* istanbul ignore next */","    case 'node':","        local.testCase_buildApidoc_default = local.testCase_buildApidoc_default || function (","            options,","            onError","        ) {","        /*","         * this function will test buildApidoc's default handling-behavior-behavior","         */","            options = { modulePathList: module.paths };","            local.buildApidoc(options, onError);","        };","","        local.testCase_buildApp_default = local.testCase_buildApp_default || function (","            options,","            onError","        ) {","        /*","         * this function will test buildApp's default handling-behavior-behavior","         */","            local.testCase_buildReadme_default(options, local.onErrorThrow);","            local.testCase_buildLib_default(options, local.onErrorThrow);","            local.testCase_buildTest_default(options, local.onErrorThrow);","            local.testCase_buildCustomOrg_default(options, local.onErrorThrow);","            options = [];","            local.buildApp(options, onError);","        };","","        local.testCase_buildCustomOrg_default = local.testCase_buildCustomOrg_default ||","            function (options, onError) {","            /*","             * this function will test buildCustomOrg's default handling-behavior","             */","                options = {};","                local.buildCustomOrg(options, onError);","            };","","        local.testCase_buildLib_default = local.testCase_buildLib_default || function (","            options,","            onError","        ) {","        /*","         * this function will test buildLib's default handling-behavior","         */","            options = {};","            local.buildLib(options, onError);","        };","","        local.testCase_buildReadme_default = local.testCase_buildReadme_default || function (","            options,","            onError","        ) {","        /*","         * this function will test buildReadme's default handling-behavior-behavior","         */","            options = {};","            local.buildReadme(options, onError);","        };","","        local.testCase_buildTest_default = local.testCase_buildTest_default || function (","            options,","            onError","        ) {","        /*","         * this function will test buildTest's default handling-behavior","         */","            options = {};","            local.buildTest(options, onError);","        };","","        local.testCase_webpage_default = local.testCase_webpage_default || function (","            options,","            onError","        ) {","        /*","         * this function will test webpage's default handling-behavior","         */","            options = { modeCoverageMerge: true, url: local.serverLocalHost + '?modeTest=1' };","            local.browserTest(options, onError);","        };","","        // run test-server","        local.testRunServer(local);","        break;","    }","}());",""],"l":{"12":2,"14":2,"19":2,"21":2,"23":2,"24":2,"25":2,"30":1,"37":2,"40":2,"43":1,"47":1,"50":1,"52":1,"55":2,"61":2,"62":2,"64":2,"70":1,"76":1,"82":2,"83":2,"85":2,"91":1,"98":1,"102":1,"105":1,"112":1,"119":1,"120":1,"123":1,"130":1,"131":1,"132":1,"133":1,"134":1,"135":1,"138":1,"143":2,"144":2,"147":1,"154":2,"155":2,"158":1,"165":2,"166":2,"169":1,"176":2,"177":2,"180":1,"187":1,"188":1,"192":1,"193":1}},"/home/travis/build/npmtest/node-npmtest-react-native-style-tachyons/lib.npmtest_react_native_style_tachyons.js":{"path":"/home/travis/build/npmtest/node-npmtest-react-native-style-tachyons/lib.npmtest_react_native_style_tachyons.js","s":{"1":2,"2":2,"3":2,"4":2,"5":2,"6":2,"7":2,"8":1,"9":2,"10":2,"11":2,"12":2,"13":1,"14":1,"15":1,"16":1},"b":{"1":[2,1,1,1],"2":[1,1,1,1],"3":[1,1],"4":[2,2],"5":[1,1]},"f":{"1":2,"2":2,"3":2},"fnMap":{"1":{"name":"(anonymous_1)","line":12,"loc":{"start":{"line":12,"column":1},"end":{"line":12,"column":13}}},"2":{"name":"(anonymous_2)","line":19,"loc":{"start":{"line":19,"column":5},"end":{"line":19,"column":17}}},"3":{"name":"(anonymous_3)","line":23,"loc":{"start":{"line":23,"column":24},"end":{"line":23,"column":36}}}},"statementMap":{"1":{"start":{"line":12,"column":0},"end":{"line":53,"column":5}},"2":{"start":{"line":14,"column":4},"end":{"line":14,"column":14}},"3":{"start":{"line":19,"column":4},"end":{"line":52,"column":9}},"4":{"start":{"line":21,"column":8},"end":{"line":21,"column":19}},"5":{"start":{"line":23,"column":8},"end":{"line":35,"column":13}},"6":{"start":{"line":24,"column":12},"end":{"line":34,"column":13}},"7":{"start":{"line":25,"column":16},"end":{"line":28,"column":30}},"8":{"start":{"line":30,"column":16},"end":{"line":33,"column":27}},"9":{"start":{"line":37,"column":8},"end":{"line":39,"column":21}},"10":{"start":{"line":41,"column":8},"end":{"line":41,"column":54}},"11":{"start":{"line":43,"column":8},"end":{"line":43,"column":72}},"12":{"start":{"line":45,"column":8},"end":{"line":51,"column":9}},"13":{"start":{"line":46,"column":12},"end":{"line":46,"column":78}},"14":{"start":{"line":48,"column":12},"end":{"line":48,"column":35}},"15":{"start":{"line":49,"column":12},"end":{"line":49,"column":49}},"16":{"start":{"line":50,"column":12},"end":{"line":50,"column":43}}},"branchMap":{"1":{"line":25,"type":"binary-expr","locations":[{"start":{"line":25,"column":23},"end":{"line":25,"column":62}},{"start":{"line":26,"column":20},"end":{"line":26,"column":70}},{"start":{"line":27,"column":20},"end":{"line":27,"column":71}},{"start":{"line":28,"column":20},"end":{"line":28,"column":29}}]},"2":{"line":30,"type":"binary-expr","locations":[{"start":{"line":30,"column":23},"end":{"line":30,"column":37}},{"start":{"line":31,"column":20},"end":{"line":31,"column":61}},{"start":{"line":32,"column":20},"end":{"line":32,"column":70}},{"start":{"line":33,"column":20},"end":{"line":33,"column":26}}]},"3":{"line":37,"type":"cond-expr","locations":[{"start":{"line":38,"column":14},"end":{"line":38,"column":20}},{"start":{"line":39,"column":14},"end":{"line":39,"column":20}}]},"4":{"line":41,"type":"binary-expr","locations":[{"start":{"line":41,"column":16},"end":{"line":41,"column":44}},{"start":{"line":41,"column":48},"end":{"line":41,"column":53}}]},"5":{"line":45,"type":"if","locations":[{"start":{"line":45,"column":8},"end":{"line":45,"column":8}},{"start":{"line":45,"column":8},"end":{"line":45,"column":8}}]}},"code":["/* istanbul instrument in package npmtest_react_native_style_tachyons */","/*jslint","    bitwise: true,","    browser: true,","    maxerr: 8,","    maxlen: 96,","    node: true,","    nomen: true,","    regexp: true,","    stupid: true","*/","(function () {","    'use strict';","    var local;","","","","    // run shared js-env code - init-before","    (function () {","        // init local","        local = {};","        // init modeJs","        local.modeJs = (function () {","            try {","                return typeof navigator.userAgent === 'string' &&","                    typeof document.querySelector('body') === 'object' &&","                    typeof XMLHttpRequest.prototype.open === 'function' &&","                    'browser';","            } catch (errorCaughtBrowser) {","                return module.exports &&","                    typeof process.versions.node === 'string' &&","                    typeof require('http').createServer === 'function' &&","                    'node';","            }","        }());","        // init global","        local.global = local.modeJs === 'browser'","            ? window","            : global;","        // init utility2_rollup","        local = local.global.utility2_rollup || local;","        // init lib","        local.local = local.npmtest_react_native_style_tachyons = local;","        // init exports","        if (local.modeJs === 'browser') {","            local.global.utility2_npmtest_react_native_style_tachyons = local;","        } else {","            module.exports = local;","            module.exports.__dirname = __dirname;","            module.exports.module = module;","        }","    }());","}());",""],"l":{"12":2,"14":2,"19":2,"21":2,"23":2,"24":2,"25":2,"30":1,"37":2,"41":2,"43":2,"45":2,"46":1,"48":1,"49":1,"50":1}},"/home/travis/build/npmtest/node-npmtest-react-native-style-tachyons/example.js":{"path":"/home/travis/build/npmtest/node-npmtest-react-native-style-tachyons/example.js","s":{"1":2,"2":2,"3":2,"4":2,"5":2,"6":2,"7":2,"8":1,"9":2,"10":2,"11":2,"12":2,"13":1,"14":2,"15":2,"16":2,"17":2,"18":2,"19":0,"20":2,"21":1,"22":1,"23":1,"24":1,"25":1,"26":0,"27":0,"28":1,"29":1,"30":2,"31":0,"32":0,"33":0,"34":1,"35":2,"36":2,"37":3,"38":3,"39":3,"40":3,"41":0,"42":3,"43":3,"44":3,"45":1,"46":3,"47":1,"48":1,"49":1,"50":1,"51":1,"52":1,"53":1,"54":1,"55":1,"56":1,"57":0,"58":1,"59":6,"60":6,"61":1,"62":2,"63":0,"64":2,"65":1,"66":1,"67":0,"68":0,"69":0,"70":0,"71":0,"72":0,"73":0,"74":0,"75":0,"76":0,"77":0,"78":0,"79":0,"80":0,"81":0,"82":0,"83":0},"b":{"1":[2,1,1,1],"2":[1,1,1,1],"3":[1,1],"4":[2,2],"5":[1,1],"6":[1,1],"7":[2,0],"8":[2,1,1,1,1,1],"9":[0,2,0],"10":[1,1],"11":[2,1,1],"12":[1,0],"13":[0,2],"14":[2,0,0,0,0,0,0],"15":[0,3],"16":[3,0],"17":[1,1],"18":[0,1],"19":[1,2,0,2],"20":[1,0],"21":[1,1],"22":[0,0],"23":[0,0],"24":[0,0],"25":[0,0],"26":[0,0],"27":[0,0],"28":[0,0]},"f":{"1":2,"2":2,"3":2,"4":2,"5":2,"6":2,"7":3,"8":3,"9":3,"10":1,"11":6,"12":0},"fnMap":{"1":{"name":"(anonymous_1)","line":26,"loc":{"start":{"line":26,"column":1},"end":{"line":26,"column":13}}},"2":{"name":"(anonymous_2)","line":33,"loc":{"start":{"line":33,"column":5},"end":{"line":33,"column":17}}},"3":{"name":"(anonymous_3)","line":37,"loc":{"start":{"line":37,"column":24},"end":{"line":37,"column":36}}},"4":{"name":"(anonymous_4)","line":69,"loc":{"start":{"line":69,"column":31},"end":{"line":69,"column":48}},"skip":true},"5":{"name":"(anonymous_5)","line":78,"loc":{"start":{"line":78,"column":26},"end":{"line":78,"column":45}},"skip":true},"6":{"name":"(anonymous_6)","line":123,"loc":{"start":{"line":123,"column":33},"end":{"line":123,"column":48}},"skip":true},"7":{"name":"(anonymous_7)","line":125,"loc":{"start":{"line":125,"column":27},"end":{"line":125,"column":39}},"skip":true},"8":{"name":"(anonymous_8)","line":133,"loc":{"start":{"line":133,"column":59},"end":{"line":133,"column":74}},"skip":true},"9":{"name":"(anonymous_9)","line":143,"loc":{"start":{"line":143,"column":45},"end":{"line":143,"column":62}},"skip":true},"10":{"name":"(anonymous_10)","line":144,"loc":{"start":{"line":144,"column":73},"end":{"line":144,"column":92}},"skip":true},"11":{"name":"(anonymous_11)","line":272,"loc":{"start":{"line":272,"column":51},"end":{"line":272,"column":77}},"skip":true},"12":{"name":"(anonymous_12)","line":315,"loc":{"start":{"line":315,"column":32},"end":{"line":315,"column":61}},"skip":true}},"statementMap":{"1":{"start":{"line":26,"column":0},"end":{"line":326,"column":5}},"2":{"start":{"line":28,"column":4},"end":{"line":28,"column":14}},"3":{"start":{"line":33,"column":4},"end":{"line":60,"column":9}},"4":{"start":{"line":35,"column":8},"end":{"line":35,"column":19}},"5":{"start":{"line":37,"column":8},"end":{"line":49,"column":13}},"6":{"start":{"line":38,"column":12},"end":{"line":48,"column":13}},"7":{"start":{"line":39,"column":16},"end":{"line":42,"column":30}},"8":{"start":{"line":44,"column":16},"end":{"line":47,"column":27}},"9":{"start":{"line":51,"column":8},"end":{"line":53,"column":21}},"10":{"start":{"line":55,"column":8},"end":{"line":57,"column":45}},"11":{"start":{"line":59,"column":8},"end":{"line":59,"column":35}},"12":{"start":{"line":61,"column":4},"end":{"line":325,"column":5}},"13":{"start":{"line":69,"column":8},"end":{"line":121,"column":10},"skip":true},"14":{"start":{"line":70,"column":12},"end":{"line":88,"column":13},"skip":true},"15":{"start":{"line":76,"column":16},"end":{"line":87,"column":19},"skip":true},"16":{"start":{"line":79,"column":20},"end":{"line":86,"column":21},"skip":true},"17":{"start":{"line":82,"column":24},"end":{"line":82,"column":43},"skip":true},"18":{"start":{"line":83,"column":24},"end":{"line":83,"column":30},"skip":true},"19":{"start":{"line":85,"column":24},"end":{"line":85,"column":49},"skip":true},"20":{"start":{"line":89,"column":12},"end":{"line":107,"column":13},"skip":true},"21":{"start":{"line":92,"column":16},"end":{"line":102,"column":17},"skip":true},"22":{"start":{"line":93,"column":20},"end":{"line":93,"column":86},"skip":true},"23":{"start":{"line":94,"column":20},"end":{"line":95,"column":45},"skip":true},"24":{"start":{"line":96,"column":20},"end":{"line":96,"column":42},"skip":true},"25":{"start":{"line":97,"column":20},"end":{"line":97,"column":48},"skip":true},"26":{"start":{"line":100,"column":20},"end":{"line":100,"column":85},"skip":true},"27":{"start":{"line":101,"column":20},"end":{"line":101,"column":96},"skip":true},"28":{"start":{"line":103,"column":16},"end":{"line":103,"column":22},"skip":true},"29":{"start":{"line":106,"column":16},"end":{"line":106,"column":22},"skip":true},"30":{"start":{"line":108,"column":12},"end":{"line":120,"column":13},"skip":true},"31":{"start":{"line":114,"column":16},"end":{"line":119,"column":17},"skip":true},"32":{"start":{"line":116,"column":20},"end":{"line":116,"column":78},"skip":true},"33":{"start":{"line":118,"column":20},"end":{"line":118,"column":47},"skip":true},"34":{"start":{"line":123,"column":8},"end":{"line":141,"column":11},"skip":true},"35":{"start":{"line":124,"column":12},"end":{"line":124,"column":54},"skip":true},"36":{"start":{"line":125,"column":12},"end":{"line":140,"column":14},"skip":true},"37":{"start":{"line":126,"column":16},"end":{"line":126,"column":28},"skip":true},"38":{"start":{"line":127,"column":16},"end":{"line":127,"column":69},"skip":true},"39":{"start":{"line":128,"column":16},"end":{"line":128,"column":75},"skip":true},"40":{"start":{"line":129,"column":16},"end":{"line":131,"column":17},"skip":true},"41":{"start":{"line":130,"column":20},"end":{"line":130,"column":27},"skip":true},"42":{"start":{"line":133,"column":16},"end":{"line":137,"column":36},"skip":true},"43":{"start":{"line":134,"column":20},"end":{"line":136,"column":55},"skip":true},"44":{"start":{"line":139,"column":16},"end":{"line":139,"column":57},"skip":true},"45":{"start":{"line":143,"column":8},"end":{"line":147,"column":11},"skip":true},"46":{"start":{"line":144,"column":12},"end":{"line":146,"column":15},"skip":true},"47":{"start":{"line":145,"column":16},"end":{"line":145,"column":70},"skip":true},"48":{"start":{"line":149,"column":8},"end":{"line":149,"column":31},"skip":true},"49":{"start":{"line":150,"column":8},"end":{"line":150,"column":14},"skip":true},"50":{"start":{"line":158,"column":8},"end":{"line":158,"column":31},"skip":true},"51":{"start":{"line":160,"column":8},"end":{"line":160,"column":33},"skip":true},"52":{"start":{"line":161,"column":8},"end":{"line":161,"column":37},"skip":true},"53":{"start":{"line":162,"column":8},"end":{"line":162,"column":35},"skip":true},"54":{"start":{"line":164,"column":8},"end":{"line":164,"column":50},"skip":true},"55":{"start":{"line":166,"column":8},"end":{"line":256,"column":2},"skip":true},"56":{"start":{"line":258,"column":8},"end":{"line":286,"column":9},"skip":true},"57":{"start":{"line":259,"column":12},"end":{"line":269,"column":14},"skip":true},"58":{"start":{"line":271,"column":12},"end":{"line":285,"column":19},"skip":true},"59":{"start":{"line":274,"column":20},"end":{"line":274,"column":35},"skip":true},"60":{"start":{"line":275,"column":20},"end":{"line":284,"column":21},"skip":true},"61":{"start":{"line":277,"column":24},"end":{"line":277,"column":64},"skip":true},"62":{"start":{"line":279,"column":24},"end":{"line":279,"column":40},"skip":true},"63":{"start":{"line":281,"column":24},"end":{"line":281,"column":40},"skip":true},"64":{"start":{"line":283,"column":24},"end":{"line":283,"column":39},"skip":true},"65":{"start":{"line":288,"column":8},"end":{"line":290,"column":9},"skip":true},"66":{"start":{"line":289,"column":12},"end":{"line":289,"column":18},"skip":true},"67":{"start":{"line":291,"column":8},"end":{"line":293,"column":54},"skip":true},"68":{"start":{"line":296,"column":8},"end":{"line":301,"column":37},"skip":true},"69":{"start":{"line":303,"column":8},"end":{"line":303,"column":82},"skip":true},"70":{"start":{"line":306,"column":8},"end":{"line":308,"column":9},"skip":true},"71":{"start":{"line":307,"column":12},"end":{"line":307,"column":82},"skip":true},"72":{"start":{"line":310,"column":8},"end":{"line":312,"column":9},"skip":true},"73":{"start":{"line":311,"column":12},"end":{"line":311,"column":18},"skip":true},"74":{"start":{"line":313,"column":8},"end":{"line":313,"column":54},"skip":true},"75":{"start":{"line":314,"column":8},"end":{"line":314,"column":69},"skip":true},"76":{"start":{"line":315,"column":8},"end":{"line":323,"column":36},"skip":true},"77":{"start":{"line":316,"column":12},"end":{"line":316,"column":61},"skip":true},"78":{"start":{"line":317,"column":12},"end":{"line":320,"column":13},"skip":true},"79":{"start":{"line":318,"column":16},"end":{"line":318,"column":75},"skip":true},"80":{"start":{"line":319,"column":16},"end":{"line":319,"column":23},"skip":true},"81":{"start":{"line":321,"column":12},"end":{"line":321,"column":38},"skip":true},"82":{"start":{"line":322,"column":12},"end":{"line":322,"column":27},"skip":true},"83":{"start":{"line":324,"column":8},"end":{"line":324,"column":14},"skip":true}},"branchMap":{"1":{"line":39,"type":"binary-expr","locations":[{"start":{"line":39,"column":23},"end":{"line":39,"column":62}},{"start":{"line":40,"column":20},"end":{"line":40,"column":70}},{"start":{"line":41,"column":20},"end":{"line":41,"column":71}},{"start":{"line":42,"column":20},"end":{"line":42,"column":29}}]},"2":{"line":44,"type":"binary-expr","locations":[{"start":{"line":44,"column":23},"end":{"line":44,"column":37}},{"start":{"line":45,"column":20},"end":{"line":45,"column":61}},{"start":{"line":46,"column":20},"end":{"line":46,"column":70}},{"start":{"line":47,"column":20},"end":{"line":47,"column":26}}]},"3":{"line":51,"type":"cond-expr","locations":[{"start":{"line":52,"column":14},"end":{"line":52,"column":20}},{"start":{"line":53,"column":14},"end":{"line":53,"column":20}}]},"4":{"line":55,"type":"binary-expr","locations":[{"start":{"line":55,"column":16},"end":{"line":55,"column":44}},{"start":{"line":55,"column":49},"end":{"line":57,"column":43}}]},"5":{"line":55,"type":"cond-expr","locations":[{"start":{"line":56,"column":14},"end":{"line":56,"column":71}},{"start":{"line":57,"column":14},"end":{"line":57,"column":43}}]},"6":{"line":61,"type":"switch","locations":[{"start":{"line":68,"column":4},"end":{"line":150,"column":14},"skip":true},{"start":{"line":156,"column":4},"end":{"line":324,"column":14},"skip":true}]},"7":{"line":70,"type":"if","locations":[{"start":{"line":70,"column":12},"end":{"line":70,"column":12},"skip":true},{"start":{"line":70,"column":12},"end":{"line":70,"column":12},"skip":true}]},"8":{"line":70,"type":"binary-expr","locations":[{"start":{"line":70,"column":16},"end":{"line":70,"column":22},"skip":true},{"start":{"line":70,"column":27},"end":{"line":70,"column":32},"skip":true},{"start":{"line":71,"column":20},"end":{"line":71,"column":39},"skip":true},{"start":{"line":72,"column":20},"end":{"line":72,"column":49},"skip":true},{"start":{"line":73,"column":20},"end":{"line":73,"column":58},"skip":true},{"start":{"line":74,"column":20},"end":{"line":74,"column":69},"skip":true}]},"9":{"line":79,"type":"switch","locations":[{"start":{"line":80,"column":20},"end":{"line":80,"column":33},"skip":true},{"start":{"line":81,"column":20},"end":{"line":83,"column":30},"skip":true},{"start":{"line":84,"column":20},"end":{"line":85,"column":49},"skip":true}]},"10":{"line":89,"type":"switch","locations":[{"start":{"line":90,"column":12},"end":{"line":103,"column":22},"skip":true},{"start":{"line":105,"column":12},"end":{"line":106,"column":22},"skip":true}]},"11":{"line":89,"type":"binary-expr","locations":[{"start":{"line":89,"column":20},"end":{"line":89,"column":25},"skip":true},{"start":{"line":89,"column":29},"end":{"line":89,"column":48},"skip":true},{"start":{"line":89,"column":52},"end":{"line":89,"column":74},"skip":true}]},"12":{"line":92,"type":"if","locations":[{"start":{"line":92,"column":16},"end":{"line":92,"column":16},"skip":true},{"start":{"line":92,"column":16},"end":{"line":92,"column":16},"skip":true}]},"13":{"line":108,"type":"if","locations":[{"start":{"line":108,"column":12},"end":{"line":108,"column":12},"skip":true},{"start":{"line":108,"column":12},"end":{"line":108,"column":12},"skip":true}]},"14":{"line":108,"type":"binary-expr","locations":[{"start":{"line":108,"column":16},"end":{"line":108,"column":61},"skip":true},{"start":{"line":108,"column":66},"end":{"line":108,"column":72},"skip":true},{"start":{"line":108,"column":77},"end":{"line":108,"column":82},"skip":true},{"start":{"line":109,"column":20},"end":{"line":109,"column":39},"skip":true},{"start":{"line":110,"column":20},"end":{"line":110,"column":49},"skip":true},{"start":{"line":111,"column":20},"end":{"line":111,"column":58},"skip":true},{"start":{"line":112,"column":20},"end":{"line":112,"column":68},"skip":true}]},"15":{"line":129,"type":"if","locations":[{"start":{"line":129,"column":16},"end":{"line":129,"column":16},"skip":true},{"start":{"line":129,"column":16},"end":{"line":129,"column":16},"skip":true}]},"16":{"line":134,"type":"cond-expr","locations":[{"start":{"line":135,"column":26},"end":{"line":135,"column":29},"skip":true},{"start":{"line":136,"column":26},"end":{"line":136,"column":54},"skip":true}]},"17":{"line":164,"type":"binary-expr","locations":[{"start":{"line":164,"column":27},"end":{"line":164,"column":43},"skip":true},{"start":{"line":164,"column":47},"end":{"line":164,"column":49},"skip":true}]},"18":{"line":258,"type":"if","locations":[{"start":{"line":258,"column":8},"end":{"line":258,"column":8},"skip":true},{"start":{"line":258,"column":8},"end":{"line":258,"column":8},"skip":true}]},"19":{"line":275,"type":"switch","locations":[{"start":{"line":276,"column":20},"end":{"line":277,"column":64},"skip":true},{"start":{"line":278,"column":20},"end":{"line":279,"column":40},"skip":true},{"start":{"line":280,"column":20},"end":{"line":281,"column":40},"skip":true},{"start":{"line":282,"column":20},"end":{"line":283,"column":39},"skip":true}]},"20":{"line":288,"type":"if","locations":[{"start":{"line":288,"column":8},"end":{"line":288,"column":8},"skip":true},{"start":{"line":288,"column":8},"end":{"line":288,"column":8},"skip":true}]},"21":{"line":288,"type":"binary-expr","locations":[{"start":{"line":288,"column":12},"end":{"line":288,"column":40},"skip":true},{"start":{"line":288,"column":44},"end":{"line":288,"column":67},"skip":true}]},"22":{"line":292,"type":"binary-expr","locations":[{"start":{"line":292,"column":12},"end":{"line":292,"column":50},"skip":true},{"start":{"line":293,"column":12},"end":{"line":293,"column":53},"skip":true}]},"23":{"line":297,"type":"binary-expr","locations":[{"start":{"line":297,"column":12},"end":{"line":297,"column":85},"skip":true},{"start":{"line":298,"column":12},"end":{"line":301,"column":36},"skip":true}]},"24":{"line":303,"type":"binary-expr","locations":[{"start":{"line":303,"column":43},"end":{"line":303,"column":75},"skip":true},{"start":{"line":303,"column":79},"end":{"line":303,"column":81},"skip":true}]},"25":{"line":306,"type":"if","locations":[{"start":{"line":306,"column":8},"end":{"line":306,"column":8},"skip":true},{"start":{"line":306,"column":8},"end":{"line":306,"column":8},"skip":true}]},"26":{"line":310,"type":"if","locations":[{"start":{"line":310,"column":8},"end":{"line":310,"column":8},"skip":true},{"start":{"line":310,"column":8},"end":{"line":310,"column":8},"skip":true}]},"27":{"line":313,"type":"binary-expr","locations":[{"start":{"line":313,"column":27},"end":{"line":313,"column":43},"skip":true},{"start":{"line":313,"column":47},"end":{"line":313,"column":53},"skip":true}]},"28":{"line":317,"type":"if","locations":[{"start":{"line":317,"column":12},"end":{"line":317,"column":12},"skip":true},{"start":{"line":317,"column":12},"end":{"line":317,"column":12},"skip":true}]}},"code":["/*","example.js","","quickstart example","","instruction","    1. save this script as example.js","    2. run the shell command:","        $ npm install npmtest-react-native-style-tachyons && PORT=8081 node example.js","    3. play with the browser-demo on http://127.0.0.1:8081","*/","","","","/* istanbul instrument in package npmtest_react_native_style_tachyons */","/*jslint","    bitwise: true,","    browser: true,","    maxerr: 8,","    maxlen: 96,","    node: true,","    nomen: true,","    regexp: true,","    stupid: true","*/","(function () {","    'use strict';","    var local;","","","","    // run shared js-env code - init-before","    (function () {","        // init local","        local = {};","        // init modeJs","        local.modeJs = (function () {","            try {","                return typeof navigator.userAgent === 'string' &&","                    typeof document.querySelector('body') === 'object' &&","                    typeof XMLHttpRequest.prototype.open === 'function' &&","                    'browser';","            } catch (errorCaughtBrowser) {","                return module.exports &&","                    typeof process.versions.node === 'string' &&","                    typeof require('http').createServer === 'function' &&","                    'node';","            }","        }());","        // init global","        local.global = local.modeJs === 'browser'","            ? window","            : global;","        // init utility2_rollup","        local = local.global.utility2_rollup || (local.modeJs === 'browser'","            ? local.global.utility2_npmtest_react_native_style_tachyons","            : global.utility2_moduleExports);","        // export local","        local.global.local = local;","    }());","    switch (local.modeJs) {","","","","    // init-after","    // run browser js-env code - init-after","    /* istanbul ignore next */","    case 'browser':","        local.testRunBrowser = function (event) {","            if (!event || (event &&","                    event.currentTarget &&","                    event.currentTarget.className &&","                    event.currentTarget.className.includes &&","                    event.currentTarget.className.includes('onreset'))) {","                // reset output","                Array.from(","                    document.querySelectorAll('body > .resettable')","                ).forEach(function (element) {","                    switch (element.tagName) {","                    case 'INPUT':","                    case 'TEXTAREA':","                        element.value = '';","                        break;","                    default:","                        element.textContent = '';","                    }","                });","            }","            switch (event && event.currentTarget && event.currentTarget.id) {","            case 'testRunButton1':","                // show tests","                if (document.querySelector('#testReportDiv1').style.display === 'none') {","                    document.querySelector('#testReportDiv1').style.display = 'block';","                    document.querySelector('#testRunButton1').textContent =","                        'hide internal test';","                    local.modeTest = true;","                    local.testRunDefault(local);","                // hide tests","                } else {","                    document.querySelector('#testReportDiv1').style.display = 'none';","                    document.querySelector('#testRunButton1').textContent = 'run internal test';","                }","                break;","            // custom-case","            default:","                break;","            }","            if (document.querySelector('#inputTextareaEval1') && (!event || (event &&","                    event.currentTarget &&","                    event.currentTarget.className &&","                    event.currentTarget.className.includes &&","                    event.currentTarget.className.includes('oneval')))) {","                // try to eval input-code","                try {","                    /*jslint evil: true*/","                    eval(document.querySelector('#inputTextareaEval1').value);","                } catch (errorCaught) {","                    console.error(errorCaught);","                }","            }","        };","        // log stderr and stdout to #outputTextareaStdout1","        ['error', 'log'].forEach(function (key) {","            console[key + '_original'] = console[key];","            console[key] = function () {","                var element;","                console[key + '_original'].apply(console, arguments);","                element = document.querySelector('#outputTextareaStdout1');","                if (!element) {","                    return;","                }","                // append text to #outputTextareaStdout1","                element.value += Array.from(arguments).map(function (arg) {","                    return typeof arg === 'string'","                        ? arg","                        : JSON.stringify(arg, null, 4);","                }).join(' ') + '\\n';","                // scroll textarea to bottom","                element.scrollTop = element.scrollHeight;","            };","        });","        // init event-handling","        ['change', 'click', 'keyup'].forEach(function (event) {","            Array.from(document.querySelectorAll('.on' + event)).forEach(function (element) {","                element.addEventListener(event, local.testRunBrowser);","            });","        });","        // run tests","        local.testRunBrowser();","        break;","","","","    // run node js-env code - init-after","    /* istanbul ignore next */","    case 'node':","        // export local","        module.exports = local;","        // require modules","        local.fs = require('fs');","        local.http = require('http');","        local.url = require('url');","        // init assets","        local.assetsDict = local.assetsDict || {};","        /* jslint-ignore-begin */","        local.assetsDict['/assets.index.template.html'] = '\\","<!doctype html>\\n\\","<html lang=\"en\">\\n\\","<head>\\n\\","<meta charset=\"UTF-8\">\\n\\","<meta name=\"viewport\" content=\"width=device-width, initial-scale=1\">\\n\\","<title>{{env.npm_package_name}} (v{{env.npm_package_version}})</title>\\n\\","<style>\\n\\","/*csslint\\n\\","    box-sizing: false,\\n\\","    universal-selector: false\\n\\","*/\\n\\","* {\\n\\","    box-sizing: border-box;\\n\\","}\\n\\","body {\\n\\","    background: #dde;\\n\\","    font-family: Arial, Helvetica, sans-serif;\\n\\","    margin: 2rem;\\n\\","}\\n\\","body > * {\\n\\","    margin-bottom: 1rem;\\n\\","}\\n\\",".utility2FooterDiv {\\n\\","    margin-top: 20px;\\n\\","    text-align: center;\\n\\","}\\n\\","</style>\\n\\","<style>\\n\\","/*csslint\\n\\","*/\\n\\","textarea {\\n\\","    font-family: monospace;\\n\\","    height: 10rem;\\n\\","    width: 100%;\\n\\","}\\n\\","textarea[readonly] {\\n\\","    background: #ddd;\\n\\","}\\n\\","</style>\\n\\","</head>\\n\\","<body>\\n\\","<!-- utility2-comment\\n\\","<div id=\"ajaxProgressDiv1\" style=\"background: #d00; height: 2px; left: 0; margin: 0; padding: 0; position: fixed; top: 0; transition: background 0.5s, width 1.5s; width: 25%;\"></div>\\n\\","utility2-comment -->\\n\\","<h1>\\n\\","<!-- utility2-comment\\n\\","    <a\\n\\","        {{#if env.npm_package_homepage}}\\n\\","        href=\"{{env.npm_package_homepage}}\"\\n\\","        {{/if env.npm_package_homepage}}\\n\\","        target=\"_blank\"\\n\\","    >\\n\\","utility2-comment -->\\n\\","        {{env.npm_package_name}} (v{{env.npm_package_version}})\\n\\","<!-- utility2-comment\\n\\","    </a>\\n\\","utility2-comment -->\\n\\","</h1>\\n\\","<h3>{{env.npm_package_description}}</h3>\\n\\","<!-- utility2-comment\\n\\","<h4><a download href=\"assets.app.js\">download standalone app</a></h4>\\n\\","<button class=\"onclick onreset\" id=\"testRunButton1\">run internal test</button><br>\\n\\","<div id=\"testReportDiv1\" style=\"display: none;\"></div>\\n\\","utility2-comment -->\\n\\","\\n\\","\\n\\","\\n\\","<label>stderr and stdout</label>\\n\\","<textarea class=\"resettable\" id=\"outputTextareaStdout1\" readonly></textarea>\\n\\","<!-- utility2-comment\\n\\","{{#if isRollup}}\\n\\","<script src=\"assets.app.js\"></script>\\n\\","{{#unless isRollup}}\\n\\","utility2-comment -->\\n\\","<script src=\"assets.utility2.rollup.js\"></script>\\n\\","<script src=\"jsonp.utility2._stateInit?callback=window.utility2._stateInit\"></script>\\n\\","<script src=\"assets.npmtest_react_native_style_tachyons.rollup.js\"></script>\\n\\","<script src=\"assets.example.js\"></script>\\n\\","<script src=\"assets.test.js\"></script>\\n\\","<!-- utility2-comment\\n\\","{{/if isRollup}}\\n\\","utility2-comment -->\\n\\","<div class=\"utility2FooterDiv\">\\n\\","    [ this app was created with\\n\\","    <a href=\"https://github.com/kaizhu256/node-utility2\" target=\"_blank\">utility2</a>\\n\\","    ]\\n\\","</div>\\n\\","</body>\\n\\","</html>\\n\\","';","        /* jslint-ignore-end */","        if (local.templateRender) {","            local.assetsDict['/'] = local.templateRender(","                local.assetsDict['/assets.index.template.html'],","                {","                    env: local.objectSetDefault(local.env, {","                        npm_package_description: 'the greatest app in the world!',","                        npm_package_name: 'my-app',","                        npm_package_nameAlias: 'my_app',","                        npm_package_version: '0.0.1'","                    })","                }","            );","        } else {","            local.assetsDict['/'] = local.assetsDict['/assets.index.template.html']","                .replace((/\\{\\{env\\.(\\w+?)\\}\\}/g), function (match0, match1) {","                    // jslint-hack","                    String(match0);","                    switch (match1) {","                    case 'npm_package_description':","                        return 'the greatest app in the world!';","                    case 'npm_package_name':","                        return 'my-app';","                    case 'npm_package_nameAlias':","                        return 'my_app';","                    case 'npm_package_version':","                        return '0.0.1';","                    }","                });","        }","        // run the cli","        if (local.global.utility2_rollup || module !== require.main) {","            break;","        }","        local.assetsDict['/assets.example.js'] =","            local.assetsDict['/assets.example.js'] ||","            local.fs.readFileSync(__filename, 'utf8');","        // bug-workaround - long $npm_package_buildCustomOrg","        /* jslint-ignore-begin */","        local.assetsDict['/assets.npmtest_react_native_style_tachyons.rollup.js'] =","            local.assetsDict['/assets.npmtest_react_native_style_tachyons.rollup.js'] ||","            local.fs.readFileSync(","                local.npmtest_react_native_style_tachyons.__dirname + '/lib.npmtest_react_native_style_tachyons.js',","                'utf8'","            ).replace((/^#!/), '//');","        /* jslint-ignore-end */","        local.assetsDict['/favicon.ico'] = local.assetsDict['/favicon.ico'] || '';","        // if $npm_config_timeout_exit exists,","        // then exit this process after $npm_config_timeout_exit ms","        if (Number(process.env.npm_config_timeout_exit)) {","            setTimeout(process.exit, Number(process.env.npm_config_timeout_exit));","        }","        // start server","        if (local.global.utility2_serverHttp1) {","            break;","        }","        process.env.PORT = process.env.PORT || '8081';","        console.error('server starting on port ' + process.env.PORT);","        local.http.createServer(function (request, response) {","            request.urlParsed = local.url.parse(request.url);","            if (local.assetsDict[request.urlParsed.pathname] !== undefined) {","                response.end(local.assetsDict[request.urlParsed.pathname]);","                return;","            }","            response.statusCode = 404;","            response.end();","        }).listen(process.env.PORT);","        break;","    }","}());",""],"l":{"26":2,"28":2,"33":2,"35":2,"37":2,"38":2,"39":2,"44":1,"51":2,"55":2,"59":2,"61":2,"69":1,"70":2,"76":2,"79":2,"82":2,"83":2,"85":1,"89":2,"92":1,"93":1,"94":1,"96":1,"97":1,"100":1,"101":1,"103":1,"106":1,"108":2,"114":1,"116":1,"118":1,"123":1,"124":2,"125":2,"126":3,"127":3,"128":3,"129":3,"130":1,"133":3,"134":3,"139":3,"143":1,"144":3,"145":1,"149":1,"150":1,"158":1,"160":1,"161":1,"162":1,"164":1,"166":1,"258":1,"259":1,"271":1,"274":6,"275":6,"277":1,"279":2,"281":1,"283":2,"288":1,"289":1,"291":1,"296":1,"303":1,"306":1,"307":1,"310":1,"311":1,"313":1,"314":1,"315":1,"316":1,"317":1,"318":1,"319":1,"321":1,"322":1,"324":1}},"/home/travis/build/npmtest/node-npmtest-react-native-style-tachyons/node_modules/react-native-style-tachyons/lib/index.js":{"path":"/home/travis/build/npmtest/node-npmtest-react-native-style-tachyons/node_modules/react-native-style-tachyons/lib/index.js","s":{"1":2,"2":2,"3":2,"4":2,"5":2,"6":2,"7":2,"8":0,"9":0,"10":0,"11":0,"12":0,"13":0,"14":0,"15":0,"16":0,"17":0,"18":0,"19":0,"20":0,"21":0,"22":0,"23":0,"24":0,"25":0,"26":0,"27":0,"28":0,"29":1,"30":0,"31":0,"32":0,"33":0,"34":0,"35":0,"36":0,"37":0,"38":0,"39":1,"40":4,"41":1,"42":0,"43":0,"44":0,"45":0,"46":0,"47":0,"48":0,"49":0,"50":0,"51":0,"52":0,"53":0,"54":0,"55":0,"56":0,"57":0,"58":0,"59":0,"60":0,"61":0,"62":0,"63":0,"64":0,"65":0,"66":0,"67":0,"68":0,"69":0,"70":0,"71":0,"72":0,"73":0,"74":0,"75":0,"76":0,"77":0,"78":0,"79":0,"80":0,"81":1,"82":0,"83":0,"84":0,"85":0,"86":0,"87":0,"88":0,"89":0,"90":0,"91":0},"b":{"1":[0,0],"2":[0,0],"3":[0,0],"4":[0,0],"5":[0,4],"6":[4,4],"7":[0,0],"8":[0,0],"9":[0,0]},"f":{"1":0,"2":4,"3":0,"4":0,"5":0,"6":0,"7":0,"8":0,"9":0,"10":0,"11":0},"fnMap":{"1":{"name":"_interopRequireWildcard","line":60,"loc":{"start":{"line":60,"column":0},"end":{"line":60,"column":38}}},"2":{"name":"_interopRequireDefault","line":62,"loc":{"start":{"line":62,"column":0},"end":{"line":62,"column":37}}},"3":{"name":"_defineProperty","line":64,"loc":{"start":{"line":64,"column":0},"end":{"line":64,"column":42}}},"4":{"name":"build","line":77,"loc":{"start":{"line":77,"column":11},"end":{"line":77,"column":28}}},"5":{"name":"(anonymous_5)","line":103,"loc":{"start":{"line":103,"column":27},"end":{"line":103,"column":47}}},"6":{"name":"(anonymous_6)","line":105,"loc":{"start":{"line":105,"column":46},"end":{"line":105,"column":79}}},"7":{"name":"(anonymous_7)","line":106,"loc":{"start":{"line":106,"column":50},"end":{"line":106,"column":71}}},"8":{"name":"(anonymous_8)","line":118,"loc":{"start":{"line":118,"column":56},"end":{"line":118,"column":77}}},"9":{"name":"(anonymous_9)","line":135,"loc":{"start":{"line":135,"column":47},"end":{"line":135,"column":67}}},"10":{"name":"hyphensToUnderscores","line":144,"loc":{"start":{"line":144,"column":0},"end":{"line":144,"column":41}}},"11":{"name":"(anonymous_11)","line":148,"loc":{"start":{"line":148,"column":39},"end":{"line":148,"column":59}}}},"statementMap":{"1":{"start":{"line":3,"column":0},"end":{"line":5,"column":3}},"2":{"start":{"line":6,"column":0},"end":{"line":6,"column":74}},"3":{"start":{"line":8,"column":0},"end":{"line":8,"column":32}},"4":{"start":{"line":10,"column":0},"end":{"line":10,"column":47}},"5":{"start":{"line":12,"column":0},"end":{"line":12,"column":30}},"6":{"start":{"line":14,"column":0},"end":{"line":14,"column":45}},"7":{"start":{"line":16,"column":0},"end":{"line":16,"column":46}},"8":{"start":{"line":18,"column":0},"end":{"line":18,"column":58}},"9":{"start":{"line":20,"column":0},"end":{"line":20,"column":43}},"10":{"start":{"line":22,"column":0},"end":{"line":22,"column":41}},"11":{"start":{"line":24,"column":0},"end":{"line":24,"column":43}},"12":{"start":{"line":26,"column":0},"end":{"line":26,"column":48}},"13":{"start":{"line":28,"column":0},"end":{"line":28,"column":43}},"14":{"start":{"line":30,"column":0},"end":{"line":30,"column":49}},"15":{"start":{"line":32,"column":0},"end":{"line":32,"column":43}},"16":{"start":{"line":34,"column":0},"end":{"line":34,"column":49}},"17":{"start":{"line":36,"column":0},"end":{"line":36,"column":47}},"18":{"start":{"line":38,"column":0},"end":{"line":38,"column":53}},"19":{"start":{"line":40,"column":0},"end":{"line":40,"column":37}},"20":{"start":{"line":42,"column":0},"end":{"line":42,"column":43}},"21":{"start":{"line":44,"column":0},"end":{"line":44,"column":41}},"22":{"start":{"line":46,"column":0},"end":{"line":46,"column":47}},"23":{"start":{"line":48,"column":0},"end":{"line":48,"column":51}},"24":{"start":{"line":50,"column":0},"end":{"line":50,"column":57}},"25":{"start":{"line":52,"column":0},"end":{"line":52,"column":43}},"26":{"start":{"line":54,"column":0},"end":{"line":54,"column":49}},"27":{"start":{"line":56,"column":0},"end":{"line":56,"column":45}},"28":{"start":{"line":58,"column":0},"end":{"line":58,"column":50}},"29":{"start":{"line":60,"column":0},"end":{"line":60,"column":269}},"30":{"start":{"line":60,"column":40},"end":{"line":60,"column":267}},"31":{"start":{"line":60,"column":69},"end":{"line":60,"column":80}},"32":{"start":{"line":60,"column":90},"end":{"line":60,"column":106}},"33":{"start":{"line":60,"column":107},"end":{"line":60,"column":228}},"34":{"start":{"line":60,"column":126},"end":{"line":60,"column":226}},"35":{"start":{"line":60,"column":149},"end":{"line":60,"column":224}},"36":{"start":{"line":60,"column":201},"end":{"line":60,"column":224}},"37":{"start":{"line":60,"column":229},"end":{"line":60,"column":250}},"38":{"start":{"line":60,"column":251},"end":{"line":60,"column":265}},"39":{"start":{"line":62,"column":0},"end":{"line":62,"column":95}},"40":{"start":{"line":62,"column":39},"end":{"line":62,"column":93}},"41":{"start":{"line":64,"column":0},"end":{"line":64,"column":209}},"42":{"start":{"line":64,"column":44},"end":{"line":64,"column":195}},"43":{"start":{"line":64,"column":62},"end":{"line":64,"column":166}},"44":{"start":{"line":64,"column":176},"end":{"line":64,"column":193}},"45":{"start":{"line":64,"column":196},"end":{"line":64,"column":207}},"46":{"start":{"line":66,"column":0},"end":{"line":66,"column":54}},"47":{"start":{"line":68,"column":0},"end":{"line":142,"column":2}},"48":{"start":{"line":78,"column":8},"end":{"line":78,"column":93}},"49":{"start":{"line":79,"column":8},"end":{"line":79,"column":38}},"50":{"start":{"line":82,"column":8},"end":{"line":88,"column":11}},"51":{"start":{"line":91,"column":8},"end":{"line":91,"column":28}},"52":{"start":{"line":92,"column":8},"end":{"line":92,"column":60}},"53":{"start":{"line":93,"column":8},"end":{"line":93,"column":63}},"54":{"start":{"line":94,"column":8},"end":{"line":94,"column":67}},"55":{"start":{"line":95,"column":8},"end":{"line":95,"column":62}},"56":{"start":{"line":96,"column":8},"end":{"line":96,"column":60}},"57":{"start":{"line":97,"column":8},"end":{"line":97,"column":63}},"58":{"start":{"line":100,"column":8},"end":{"line":100,"column":23}},"59":{"start":{"line":101,"column":8},"end":{"line":101,"column":195}},"60":{"start":{"line":103,"column":8},"end":{"line":111,"column":11}},"61":{"start":{"line":105,"column":12},"end":{"line":110,"column":15}},"62":{"start":{"line":106,"column":16},"end":{"line":109,"column":19}},"63":{"start":{"line":107,"column":20},"end":{"line":107,"column":91}},"64":{"start":{"line":108,"column":20},"end":{"line":108,"column":59}},"65":{"start":{"line":112,"column":8},"end":{"line":112,"column":35}},"66":{"start":{"line":115,"column":8},"end":{"line":115,"column":79}},"67":{"start":{"line":118,"column":8},"end":{"line":132,"column":11}},"68":{"start":{"line":119,"column":12},"end":{"line":119,"column":64}},"69":{"start":{"line":120,"column":12},"end":{"line":120,"column":51}},"70":{"start":{"line":121,"column":12},"end":{"line":121,"column":60}},"71":{"start":{"line":124,"column":12},"end":{"line":131,"column":13}},"72":{"start":{"line":125,"column":16},"end":{"line":125,"column":87}},"73":{"start":{"line":126,"column":16},"end":{"line":126,"column":75}},"74":{"start":{"line":128,"column":16},"end":{"line":128,"column":84}},"75":{"start":{"line":129,"column":16},"end":{"line":129,"column":66}},"76":{"start":{"line":130,"column":16},"end":{"line":130,"column":80}},"77":{"start":{"line":135,"column":8},"end":{"line":137,"column":11}},"78":{"start":{"line":136,"column":12},"end":{"line":136,"column":58}},"79":{"start":{"line":139,"column":8},"end":{"line":139,"column":83}},"80":{"start":{"line":140,"column":8},"end":{"line":140,"column":108}},"81":{"start":{"line":144,"column":0},"end":{"line":153,"column":1}},"82":{"start":{"line":145,"column":4},"end":{"line":145,"column":24}},"83":{"start":{"line":148,"column":4},"end":{"line":150,"column":7}},"84":{"start":{"line":149,"column":8},"end":{"line":149,"column":49}},"85":{"start":{"line":152,"column":4},"end":{"line":152,"column":22}},"86":{"start":{"line":155,"column":0},"end":{"line":155,"column":33}},"87":{"start":{"line":156,"column":0},"end":{"line":159,"column":33}},"88":{"start":{"line":160,"column":0},"end":{"line":160,"column":22}},"89":{"start":{"line":161,"column":0},"end":{"line":161,"column":24}},"90":{"start":{"line":162,"column":0},"end":{"line":162,"column":20}},"91":{"start":{"line":163,"column":0},"end":{"line":163,"column":22}}},"branchMap":{"1":{"line":60,"type":"if","locations":[{"start":{"line":60,"column":40},"end":{"line":60,"column":40}},{"start":{"line":60,"column":40},"end":{"line":60,"column":40}}]},"2":{"line":60,"type":"binary-expr","locations":[{"start":{"line":60,"column":44},"end":{"line":60,"column":47}},{"start":{"line":60,"column":51},"end":{"line":60,"column":65}}]},"3":{"line":60,"type":"if","locations":[{"start":{"line":60,"column":107},"end":{"line":60,"column":107}},{"start":{"line":60,"column":107},"end":{"line":60,"column":107}}]},"4":{"line":60,"type":"if","locations":[{"start":{"line":60,"column":149},"end":{"line":60,"column":149}},{"start":{"line":60,"column":149},"end":{"line":60,"column":149}}]},"5":{"line":62,"type":"cond-expr","locations":[{"start":{"line":62,"column":70},"end":{"line":62,"column":73}},{"start":{"line":62,"column":76},"end":{"line":62,"column":92}}]},"6":{"line":62,"type":"binary-expr","locations":[{"start":{"line":62,"column":46},"end":{"line":62,"column":49}},{"start":{"line":62,"column":53},"end":{"line":62,"column":67}}]},"7":{"line":64,"type":"if","locations":[{"start":{"line":64,"column":44},"end":{"line":64,"column":44}},{"start":{"line":64,"column":44},"end":{"line":64,"column":44}}]},"8":{"line":78,"type":"cond-expr","locations":[{"start":{"line":78,"column":75},"end":{"line":78,"column":87}},{"start":{"line":78,"column":90},"end":{"line":78,"column":92}}]},"9":{"line":78,"type":"binary-expr","locations":[{"start":{"line":78,"column":22},"end":{"line":78,"column":42}},{"start":{"line":78,"column":46},"end":{"line":78,"column":72}}]}},"code":["\"use strict\";","","Object.defineProperty(exports, \"__esModule\", {","    value: true","});","exports.build = exports.wrap = exports.styles = exports.sizes = undefined;","","var _lodash = require(\"lodash\");","","var _lodash2 = _interopRequireDefault(_lodash);","","var _color = require(\"color\");","","var _color2 = _interopRequireDefault(_color);","","var _reactWrapper = require(\"./reactWrapper\");","","var reactWrapper = _interopRequireWildcard(_reactWrapper);","","var _heights = require(\"./styles/heights\");","","var _widths = require(\"./styles/widths\");","","var _borders = require(\"./styles/borders\");","","var borders = _interopRequireWildcard(_borders);","","var _flexbox = require(\"./styles/flexbox\");","","var _flexbox2 = _interopRequireDefault(_flexbox);","","var _spacing = require(\"./styles/spacing\");","","var _spacing2 = _interopRequireDefault(_spacing);","","var _typeScale = require(\"./styles/typeScale\");","","var _typeScale2 = _interopRequireDefault(_typeScale);","","var _text = require(\"./styles/text\");","","var _text2 = _interopRequireDefault(_text);","","var _images = require(\"./styles/images\");","","var _images2 = _interopRequireDefault(_images);","","var _fontWeights = require(\"./styles/fontWeights\");","","var _fontWeights2 = _interopRequireDefault(_fontWeights);","","var _opacity = require(\"./styles/opacity\");","","var _opacity2 = _interopRequireDefault(_opacity);","","var _absolute = require(\"./styles/absolute\");","","var absolute = _interopRequireWildcard(_absolute);","","function _interopRequireWildcard(obj) { if (obj && obj.__esModule) { return obj; } else { var newObj = {}; if (obj != null) { for (var key in obj) { if (Object.prototype.hasOwnProperty.call(obj, key)) newObj[key] = obj[key]; } } newObj.default = obj; return newObj; } }","","function _interopRequireDefault(obj) { return obj && obj.__esModule ? obj : { default: obj }; }","","function _defineProperty(obj, key, value) { if (key in obj) { Object.defineProperty(obj, key, { value: value, enumerable: true, configurable: true, writable: true }); } else { obj[key] = value; } return obj; }","","var debug = require(\"debug\")(\"react-native-tachyons\");","","var NativeTachyons = {","    wrap: reactWrapper.wrap,","","    /* Placeholder */","    styles: {},","","    /* Placeholder */","    sizes: {},","","    build: function build() {","        var options = arguments.length > 0 && arguments[0] !== undefined ? arguments[0] : {};","        var StyleSheet = arguments[1];","","","        _lodash2.default.defaultsDeep(options, {","            rem: 16,","            colors: {","                palette: {}","            },","            fonts: {}","        });","","        /* Assign all the styles */","        var styleSheet = {};","        _lodash2.default.assign(styleSheet, borders.styles);","        _lodash2.default.assign(styleSheet, _flexbox2.default);","        _lodash2.default.assign(styleSheet, _fontWeights2.default);","        _lodash2.default.assign(styleSheet, _images2.default);","        _lodash2.default.assign(styleSheet, _text2.default);","        _lodash2.default.assign(styleSheet, _opacity2.default);","","        /* Calculate rem scales */","        var sizes = {};","        var REM_SCALED = [_heights.heights, _heights.minHeights, _heights.maxHeights, _widths.widths, _widths.minWidths, _widths.maxWidths, _spacing2.default, _typeScale2.default, borders.radii];","","        REM_SCALED.forEach(function (subSheet) {","","            _lodash2.default.forOwn(subSheet, function (styleObj, tachyonsKey) {","                _lodash2.default.forOwn(styleObj, function (val, name) {","                    styleSheet[tachyonsKey] = _defineProperty({}, name, val * options.rem);","                    sizes[tachyonsKey] = val * options.rem;","                });","            });","        });","        debug(\"got sizes:\", sizes);","","        /* Absolute */","        _lodash2.default.assign(styleSheet, absolute.scaleStyles(options.rem));","","        /* Colors */","        _lodash2.default.forOwn(options.colors.palette, function (val, name) {","            styleSheet[\"bg-\" + name] = { backgroundColor: val };","            styleSheet[\"\" + name] = { color: val };","            styleSheet[\"b--\" + name] = { borderColor: val };","","            /* Alpha variants */","            for (var i = 10; i < 100; i += 10) {","                var rgbString = new _color2.default(val).alpha(i / 100).rgb().string();","                debug(\"writing alpha variant: \" + name + \": \" + rgbString);","","                styleSheet[\"bg-\" + name + \"-\" + i] = { backgroundColor: rgbString };","                styleSheet[name + \"-\" + i] = { color: rgbString };","                styleSheet[\"b--\" + name + \"-\" + i] = { borderColor: rgbString };","            }","        });","","        /* Font-families */","        _lodash2.default.forOwn(options.fonts, function (val, key) {","            styleSheet[\"ff-\" + key] = { fontFamily: val };","        });","","        _lodash2.default.assign(NativeTachyons.sizes, hyphensToUnderscores(sizes));","        _lodash2.default.assign(NativeTachyons.styles, StyleSheet.create(hyphensToUnderscores(styleSheet)));","    }","};","","function hyphensToUnderscores(sourceObj) {","    var translated = {};","","    /* Create hypened versions */","    _lodash2.default.forOwn(sourceObj, function (val, key) {","        translated[key.replace(/-/g, \"_\")] = val;","    });","","    return translated;","}","","exports.default = NativeTachyons;","var sizes = NativeTachyons.sizes,","    styles = NativeTachyons.styles,","    wrap = NativeTachyons.wrap,","    build = NativeTachyons.build;","exports.sizes = sizes;","exports.styles = styles;","exports.wrap = wrap;","exports.build = build;"],"l":{"3":2,"6":2,"8":2,"10":2,"12":2,"14":2,"16":2,"18":0,"20":0,"22":0,"24":0,"26":0,"28":0,"30":0,"32":0,"34":0,"36":0,"38":0,"40":0,"42":0,"44":0,"46":0,"48":0,"50":0,"52":0,"54":0,"56":0,"58":0,"60":1,"62":4,"64":1,"66":0,"68":0,"78":0,"79":0,"82":0,"91":0,"92":0,"93":0,"94":0,"95":0,"96":0,"97":0,"100":0,"101":0,"103":0,"105":0,"106":0,"107":0,"108":0,"112":0,"115":0,"118":0,"119":0,"120":0,"121":0,"124":0,"125":0,"126":0,"128":0,"129":0,"130":0,"135":0,"136":0,"139":0,"140":0,"144":1,"145":0,"148":0,"149":0,"152":0,"155":0,"156":0,"160":0,"161":0,"162":0,"163":0}},"/home/travis/build/npmtest/node-npmtest-react-native-style-tachyons/node_modules/react-native-style-tachyons/lib/reactWrapper.js":{"path":"/home/travis/build/npmtest/node-npmtest-react-native-style-tachyons/node_modules/react-native-style-tachyons/lib/reactWrapper.js","s":{"1":4,"2":4,"3":1,"4":0,"5":0,"6":0,"7":0,"8":0,"9":0,"10":0,"11":4,"12":0,"13":0,"14":0,"15":0,"16":0,"17":4,"18":0,"19":0,"20":0,"21":0,"22":0,"23":0,"24":0,"25":0,"26":0,"27":0,"28":0,"29":0,"30":0,"31":0,"32":4,"33":4,"34":0,"35":0,"36":0,"37":0,"38":0,"39":0,"40":1,"41":0,"42":1,"43":0,"44":0,"45":1,"46":0,"47":0,"48":0,"49":1,"50":0,"51":0,"52":0,"53":0,"54":0,"55":1,"56":0,"57":0,"58":0,"59":0,"60":0,"61":0,"62":0,"63":0,"64":0,"65":1,"66":0,"67":0,"68":0,"69":0,"70":0,"71":0,"72":0,"73":1,"74":0,"75":0,"76":0,"77":0,"78":0,"79":0,"80":0,"81":0,"82":0,"83":0,"84":0,"85":0,"86":0,"87":0,"88":0,"89":0,"90":0,"91":0,"92":0,"93":0,"94":0,"95":0,"96":0,"97":0,"98":0,"99":0,"100":0,"101":0,"102":0,"103":0,"104":0,"105":0,"106":0,"107":0,"108":0,"109":0,"110":0,"111":0,"112":0,"113":0,"114":0,"115":0,"116":0},"b":{"1":[0,0],"2":[0,0],"3":[0,0],"4":[0,0],"5":[0,0],"6":[0,0],"7":[0,0],"8":[0,0],"9":[0,0],"10":[0,0],"11":[0,0],"12":[0,0],"13":[0,0],"14":[0,0],"15":[0,0,0],"16":[0,0],"17":[0,0],"18":[0,0],"19":[0,0],"20":[0,0],"21":[0,0],"22":[0,0],"23":[0,0],"24":[0,0],"25":[0,0],"26":[0,0],"27":[0,0],"28":[0,0],"29":[0,0],"30":[0,0],"31":[0,0],"32":[0,0],"33":[0,0],"34":[0,0],"35":[0,0],"36":[0,0],"37":[0,0],"38":[0,0],"39":[0,0],"40":[0,0]},"f":{"1":4,"2":0,"3":0,"4":0,"5":0,"6":0,"7":0,"8":0,"9":0,"10":0,"11":0,"12":0,"13":0,"14":0},"fnMap":{"1":{"name":"(anonymous_1)","line":7,"loc":{"start":{"line":7,"column":19},"end":{"line":7,"column":31}}},"2":{"name":"defineProperties","line":7,"loc":{"start":{"line":7,"column":33},"end":{"line":7,"column":74}}},"3":{"name":"(anonymous_3)","line":7,"loc":{"start":{"line":7,"column":357},"end":{"line":7,"column":405}}},"4":{"name":"get","line":9,"loc":{"start":{"line":9,"column":11},"end":{"line":9,"column":52}}},"5":{"name":"_interopRequireDefault","line":27,"loc":{"start":{"line":27,"column":0},"end":{"line":27,"column":37}}},"6":{"name":"_classCallCheck","line":29,"loc":{"start":{"line":29,"column":0},"end":{"line":29,"column":48}}},"7":{"name":"_possibleConstructorReturn","line":31,"loc":{"start":{"line":31,"column":0},"end":{"line":31,"column":48}}},"8":{"name":"_inherits","line":33,"loc":{"start":{"line":33,"column":0},"end":{"line":33,"column":41}}},"9":{"name":"wrap","line":41,"loc":{"start":{"line":41,"column":0},"end":{"line":41,"column":35}}},"10":{"name":"wrappedRender","line":45,"loc":{"start":{"line":45,"column":15},"end":{"line":45,"column":40}}},"11":{"name":"(anonymous_11)","line":54,"loc":{"start":{"line":54,"column":19},"end":{"line":54,"column":48}}},"12":{"name":"newClass","line":57,"loc":{"start":{"line":57,"column":8},"end":{"line":57,"column":28}}},"13":{"name":"render","line":65,"loc":{"start":{"line":65,"column":19},"end":{"line":65,"column":37}}},"14":{"name":"recursiveStyle","line":79,"loc":{"start":{"line":79,"column":0},"end":{"line":79,"column":38}}}},"statementMap":{"1":{"start":{"line":3,"column":0},"end":{"line":5,"column":3}},"2":{"start":{"line":7,"column":0},"end":{"line":7,"column":564}},"3":{"start":{"line":7,"column":33},"end":{"line":7,"column":349}},"4":{"start":{"line":7,"column":76},"end":{"line":7,"column":347}},"5":{"start":{"line":7,"column":117},"end":{"line":7,"column":143}},"6":{"start":{"line":7,"column":144},"end":{"line":7,"column":199}},"7":{"start":{"line":7,"column":200},"end":{"line":7,"column":231}},"8":{"start":{"line":7,"column":232},"end":{"line":7,"column":286}},"9":{"start":{"line":7,"column":259},"end":{"line":7,"column":286}},"10":{"start":{"line":7,"column":287},"end":{"line":7,"column":345}},"11":{"start":{"line":7,"column":350},"end":{"line":7,"column":559}},"12":{"start":{"line":7,"column":407},"end":{"line":7,"column":475}},"13":{"start":{"line":7,"column":423},"end":{"line":7,"column":475}},"14":{"start":{"line":7,"column":476},"end":{"line":7,"column":536}},"15":{"start":{"line":7,"column":493},"end":{"line":7,"column":536}},"16":{"start":{"line":7,"column":537},"end":{"line":7,"column":556}},"17":{"start":{"line":9,"column":0},"end":{"line":9,"column":491}},"18":{"start":{"line":9,"column":54},"end":{"line":9,"column":103}},"19":{"start":{"line":9,"column":75},"end":{"line":9,"column":103}},"20":{"start":{"line":9,"column":104},"end":{"line":9,"column":165}},"21":{"start":{"line":9,"column":166},"end":{"line":9,"column":488}},"22":{"start":{"line":9,"column":192},"end":{"line":9,"column":235}},"23":{"start":{"line":9,"column":236},"end":{"line":9,"column":327}},"24":{"start":{"line":9,"column":259},"end":{"line":9,"column":276}},"25":{"start":{"line":9,"column":286},"end":{"line":9,"column":325}},"26":{"start":{"line":9,"column":335},"end":{"line":9,"column":488}},"27":{"start":{"line":9,"column":358},"end":{"line":9,"column":376}},"28":{"start":{"line":9,"column":386},"end":{"line":9,"column":408}},"29":{"start":{"line":9,"column":409},"end":{"line":9,"column":456}},"30":{"start":{"line":9,"column":437},"end":{"line":9,"column":454}},"31":{"start":{"line":9,"column":457},"end":{"line":9,"column":486}},"32":{"start":{"line":11,"column":0},"end":{"line":11,"column":20}},"33":{"start":{"line":13,"column":0},"end":{"line":13,"column":30}},"34":{"start":{"line":15,"column":0},"end":{"line":15,"column":45}},"35":{"start":{"line":17,"column":0},"end":{"line":17,"column":32}},"36":{"start":{"line":19,"column":0},"end":{"line":19,"column":47}},"37":{"start":{"line":21,"column":0},"end":{"line":21,"column":32}},"38":{"start":{"line":23,"column":0},"end":{"line":23,"column":48}},"39":{"start":{"line":25,"column":0},"end":{"line":25,"column":61}},"40":{"start":{"line":27,"column":0},"end":{"line":27,"column":95}},"41":{"start":{"line":27,"column":39},"end":{"line":27,"column":93}},"42":{"start":{"line":29,"column":0},"end":{"line":29,"column":153}},"43":{"start":{"line":29,"column":50},"end":{"line":29,"column":151}},"44":{"start":{"line":29,"column":92},"end":{"line":29,"column":149}},"45":{"start":{"line":31,"column":0},"end":{"line":31,"column":240}},"46":{"start":{"line":31,"column":50},"end":{"line":31,"column":151}},"47":{"start":{"line":31,"column":63},"end":{"line":31,"column":149}},"48":{"start":{"line":31,"column":152},"end":{"line":31,"column":238}},"49":{"start":{"line":33,"column":0},"end":{"line":33,"column":494}},"50":{"start":{"line":33,"column":43},"end":{"line":33,"column":208}},"51":{"start":{"line":33,"column":106},"end":{"line":33,"column":206}},"52":{"start":{"line":33,"column":209},"end":{"line":33,"column":373}},"53":{"start":{"line":33,"column":374},"end":{"line":33,"column":492}},"54":{"start":{"line":33,"column":390},"end":{"line":33,"column":492}},"55":{"start":{"line":41,"column":0},"end":{"line":77,"column":1}},"56":{"start":{"line":42,"column":4},"end":{"line":52,"column":5}},"57":{"start":{"line":43,"column":8},"end":{"line":43,"column":39}},"58":{"start":{"line":45,"column":8},"end":{"line":51,"column":10}},"59":{"start":{"line":46,"column":12},"end":{"line":48,"column":13}},"60":{"start":{"line":47,"column":16},"end":{"line":47,"column":45}},"61":{"start":{"line":50,"column":12},"end":{"line":50,"column":58}},"62":{"start":{"line":53,"column":4},"end":{"line":53,"column":47}},"63":{"start":{"line":54,"column":4},"end":{"line":71,"column":24}},"64":{"start":{"line":55,"column":8},"end":{"line":55,"column":47}},"65":{"start":{"line":57,"column":8},"end":{"line":61,"column":9}},"66":{"start":{"line":58,"column":12},"end":{"line":58,"column":44}},"67":{"start":{"line":60,"column":12},"end":{"line":60,"column":132}},"68":{"start":{"line":63,"column":8},"end":{"line":68,"column":12}},"69":{"start":{"line":66,"column":16},"end":{"line":66,"column":146}},"70":{"start":{"line":70,"column":8},"end":{"line":70,"column":24}},"71":{"start":{"line":74,"column":4},"end":{"line":74,"column":81}},"72":{"start":{"line":76,"column":4},"end":{"line":76,"column":20}},"73":{"start":{"line":79,"column":0},"end":{"line":155,"column":1}},"74":{"start":{"line":80,"column":4},"end":{"line":80,"column":35}},"75":{"start":{"line":82,"column":4},"end":{"line":82,"column":26}},"76":{"start":{"line":83,"column":4},"end":{"line":83,"column":27}},"77":{"start":{"line":86,"column":4},"end":{"line":123,"column":5}},"78":{"start":{"line":87,"column":8},"end":{"line":87,"column":22}},"79":{"start":{"line":88,"column":8},"end":{"line":88,"column":26}},"80":{"start":{"line":89,"column":8},"end":{"line":95,"column":9}},"81":{"start":{"line":90,"column":12},"end":{"line":90,"column":49}},"82":{"start":{"line":91,"column":15},"end":{"line":95,"column":9}},"83":{"start":{"line":92,"column":12},"end":{"line":92,"column":43}},"84":{"start":{"line":94,"column":12},"end":{"line":94,"column":32}},"85":{"start":{"line":97,"column":8},"end":{"line":97,"column":63}},"86":{"start":{"line":98,"column":8},"end":{"line":122,"column":9}},"87":{"start":{"line":99,"column":12},"end":{"line":99,"column":34}},"88":{"start":{"line":100,"column":12},"end":{"line":121,"column":13}},"89":{"start":{"line":101,"column":16},"end":{"line":101,"column":47}},"90":{"start":{"line":102,"column":16},"end":{"line":120,"column":17}},"91":{"start":{"line":105,"column":20},"end":{"line":105,"column":47}},"92":{"start":{"line":106,"column":23},"end":{"line":120,"column":17}},"93":{"start":{"line":107,"column":20},"end":{"line":109,"column":23}},"94":{"start":{"line":110,"column":23},"end":{"line":120,"column":17}},"95":{"start":{"line":111,"column":20},"end":{"line":113,"column":23}},"96":{"start":{"line":114,"column":23},"end":{"line":120,"column":17}},"97":{"start":{"line":115,"column":20},"end":{"line":117,"column":23}},"98":{"start":{"line":119,"column":20},"end":{"line":119,"column":69}},"99":{"start":{"line":125,"column":4},"end":{"line":125,"column":37}},"100":{"start":{"line":126,"column":4},"end":{"line":148,"column":5}},"101":{"start":{"line":129,"column":8},"end":{"line":129,"column":68}},"102":{"start":{"line":130,"column":8},"end":{"line":139,"column":9}},"103":{"start":{"line":131,"column":12},"end":{"line":131,"column":36}},"104":{"start":{"line":132,"column":12},"end":{"line":138,"column":13}},"105":{"start":{"line":133,"column":16},"end":{"line":133,"column":50}},"106":{"start":{"line":134,"column":16},"end":{"line":137,"column":17}},"107":{"start":{"line":135,"column":20},"end":{"line":135,"column":38}},"108":{"start":{"line":136,"column":20},"end":{"line":136,"column":48}},"109":{"start":{"line":140,"column":11},"end":{"line":148,"column":5}},"110":{"start":{"line":143,"column":8},"end":{"line":143,"column":53}},"111":{"start":{"line":144,"column":8},"end":{"line":147,"column":9}},"112":{"start":{"line":145,"column":12},"end":{"line":145,"column":30}},"113":{"start":{"line":146,"column":12},"end":{"line":146,"column":37}},"114":{"start":{"line":150,"column":4},"end":{"line":152,"column":5}},"115":{"start":{"line":151,"column":8},"end":{"line":151,"column":81}},"116":{"start":{"line":154,"column":4},"end":{"line":154,"column":24}}},"branchMap":{"1":{"line":7,"type":"binary-expr","locations":[{"start":{"line":7,"column":168},"end":{"line":7,"column":189}},{"start":{"line":7,"column":193},"end":{"line":7,"column":198}}]},"2":{"line":7,"type":"if","locations":[{"start":{"line":7,"column":232},"end":{"line":7,"column":232}},{"start":{"line":7,"column":232},"end":{"line":7,"column":232}}]},"3":{"line":7,"type":"if","locations":[{"start":{"line":7,"column":407},"end":{"line":7,"column":407}},{"start":{"line":7,"column":407},"end":{"line":7,"column":407}}]},"4":{"line":7,"type":"if","locations":[{"start":{"line":7,"column":476},"end":{"line":7,"column":476}},{"start":{"line":7,"column":476},"end":{"line":7,"column":476}}]},"5":{"line":9,"type":"if","locations":[{"start":{"line":9,"column":54},"end":{"line":9,"column":54}},{"start":{"line":9,"column":54},"end":{"line":9,"column":54}}]},"6":{"line":9,"type":"if","locations":[{"start":{"line":9,"column":166},"end":{"line":9,"column":166}},{"start":{"line":9,"column":166},"end":{"line":9,"column":166}}]},"7":{"line":9,"type":"if","locations":[{"start":{"line":9,"column":236},"end":{"line":9,"column":236}},{"start":{"line":9,"column":236},"end":{"line":9,"column":236}}]},"8":{"line":9,"type":"if","locations":[{"start":{"line":9,"column":335},"end":{"line":9,"column":335}},{"start":{"line":9,"column":335},"end":{"line":9,"column":335}}]},"9":{"line":9,"type":"if","locations":[{"start":{"line":9,"column":409},"end":{"line":9,"column":409}},{"start":{"line":9,"column":409},"end":{"line":9,"column":409}}]},"10":{"line":27,"type":"cond-expr","locations":[{"start":{"line":27,"column":70},"end":{"line":27,"column":73}},{"start":{"line":27,"column":76},"end":{"line":27,"column":92}}]},"11":{"line":27,"type":"binary-expr","locations":[{"start":{"line":27,"column":46},"end":{"lin
[...]
"column":27}},"9":{"start":{"line":25,"column":0},"end":{"line":34,"column":3}},"10":{"start":{"line":33,"column":4},"end":{"line":33,"column":30}},"11":{"start":{"line":36,"column":0},"end":{"line":45,"column":3}},"12":{"start":{"line":44,"column":4},"end":{"line":44,"column":30}}},"branchMap":{"1":{"line":12,"type":"cond-expr","locations":[{"start":{"line":12,"column":70},"end":{"line":12,"column":73}},{"start":{"line":12,"column":76},"end":{"line":12,"column":92}}]},"2":{"line":12,"type":"binary-expr","locations":[{"start":{"line":12,"column":46},"end":{"line":12,"column":49}},{"start":{"line":12,"column":53},"end":{"line":12,"column":67}}]}},"code":["\"use strict\";","","Object.defineProperty(exports, \"__esModule\", {","    value: true","});","exports.minHeights = exports.maxHeights = exports.heights = undefined;","","var _lodash = require(\"lodash\");","","var _lodash2 = _interopRequireDefault(_lodash);","","function _interopRequireDefault(obj) { return obj && obj.__esModule ? obj : { default: obj }; }","","var heights = exports.heights = _lodash2.default.mapValues({","    h1: 1,","    h2: 2,","    h3: 4,","    h4: 8,","    h5: 16,","    h6: 32","}, function (val) {","    return { height: val };","});","","var maxHeights = exports.maxHeights = _lodash2.default.mapValues({","    \"max-h1\": 1,","    \"max-h2\": 2,","    \"max-h3\": 4,","    \"max-h4\": 8,","    \"max-h5\": 16,","    \"max-h6\": 32","}, function (val) {","    return { maxHeight: val };","});","","var minHeights = exports.minHeights = _lodash2.default.mapValues({","    \"min-h1\": 1,","    \"min-h2\": 2,","    \"min-h3\": 4,","    \"min-h4\": 8,","    \"min-h5\": 16,","    \"max-h6\": 32","}, function (val) {","    return { minHeight: val };","});"],"l":{"3":1,"6":1,"8":1,"10":1,"12":1,"14":1,"22":6,"25":1,"33":6,"36":1,"44":6}},"/home/travis/build/npmtest/node-npmtest-react-native-style-tachyons/node_modules/react-native-style-tachyons/lib/styles/images.js":{"path":"/home/travis/build/npmtest/node-npmtest-react-native-style-tachyons/node_modules/react-native-style-tachyons/lib/styles/images.js","s":{"1":1,"2":1},"b":{},"f":{},"fnMap":{},"statementMap":{"1":{"start":{"line":3,"column":0},"end":{"line":5,"column":3}},"2":{"start":{"line":6,"column":0},"end":{"line":16,"column":2}}},"branchMap":{},"code":["\"use strict\";","","Object.defineProperty(exports, \"__esModule\", {","    value: true","});","exports.default = {","    \"rm-contain\": {","        resizeMode: \"contain\"","    },","    \"rm-cover\": {","        resizeMode: \"cover\"","    },","    \"rm-stretch\": {","        resizeMode: \"stretch\"","    }","};"],"l":{"3":1,"6":1}},"/home/travis/build/npmtest/node-npmtest-react-native-style-tachyons/node_modules/react-native-style-tachyons/lib/styles/opacity.js":{"path":"/home/travis/build/npmtest/node-npmtest-react-native-style-tachyons/node_modules/react-native-style-tachyons/lib/styles/opacity.js","s":{"1":1,"2":1,"3":1,"4":1,"5":1,"6":1,"7":1,"8":12},"b":{"1":[0,1],"2":[1,1]},"f":{"1":1,"2":12},"fnMap":{"1":{"name":"_interopRequireDefault","line":11,"loc":{"start":{"line":11,"column":0},"end":{"line":11,"column":37}}},"2":{"name":"(anonymous_2)","line":28,"loc":{"start":{"line":28,"column":56},"end":{"line":28,"column":71}}}},"statementMap":{"1":{"start":{"line":3,"column":0},"end":{"line":5,"column":3}},"2":{"start":{"line":7,"column":0},"end":{"line":7,"column":32}},"3":{"start":{"line":9,"column":0},"end":{"line":9,"column":47}},"4":{"start":{"line":11,"column":0},"end":{"line":11,"column":95}},"5":{"start":{"line":11,"column":39},"end":{"line":11,"column":93}},"6":{"start":{"line":13,"column":0},"end":{"line":26,"column":2}},"7":{"start":{"line":28,"column":0},"end":{"line":30,"column":3}},"8":{"start":{"line":29,"column":4},"end":{"line":29,"column":28}}},"branchMap":{"1":{"line":11,"type":"cond-expr","locations":[{"start":{"line":11,"column":70},"end":{"line":11,"column":73}},{"start":{"line":11,"column":76},"end":{"line":11,"column":92}}]},"2":{"line":11,"type":"binary-expr","locations":[{"start":{"line":11,"column":46},"end":{"line":11,"column":49}},{"start":{"line":11,"column":53},"end":{"line":11,"column":67}}]}},"code":["\"use strict\";","","Object.defineProperty(exports, \"__esModule\", {","    value: true","});","","var _lodash = require(\"lodash\");","","var _lodash2 = _interopRequireDefault(_lodash);","","function _interopRequireDefault(obj) { return obj && obj.__esModule ? obj : { default: obj }; }","","var opacities = {","    \"o-100\": 1,","    \"o-90\": 0.9,","    \"o-80\": 0.8,","    \"o-70\": 0.7,","    \"o-60\": 0.6,","    \"o-50\": 0.5,","    \"o-40\": 0.4,","    \"o-30\": 0.3,","    \"o-20\": 0.2,","    \"o-10\": 0.1,","    \"o-05\": 0.05,","    \"o-025\": 0.025","};","","exports.default = _lodash2.default.mapValues(opacities, function (val) {","    return { opacity: val };","});"],"l":{"3":1,"7":1,"9":1,"11":1,"13":1,"28":1,"29":12}},"/home/travis/build/npmtest/node-npmtest-react-native-style-tachyons/node_modules/react-native-style-tachyons/lib/styles/spacing.js":{"path":"/home/travis/build/npmtest/node-npmtest-react-native-style-tachyons/node_modules/react-native-style-tachyons/lib/styles/spacing.js","s":{"1":1,"2":1,"3":1,"4":0,"5":0,"6":0,"7":0,"8":0,"9":0,"10":0,"11":0,"12":0,"13":0,"14":0,"15":0,"16":0,"17":0,"18":0,"19":0,"20":0,"21":1,"22":16,"23":16,"24":0,"25":0,"26":0,"27":1,"28":1,"29":1,"30":1,"31":1,"32":126,"33":0,"34":126,"35":126,"36":1,"37":1,"38":1,"39":1,"40":1,"41":2,"42":2,"43":14,"44":14,"45":126,"46":1},"b":{"1":[0,0],"2":[0,0],"3":[0,0],"4":[0,0],"5":[0,0],"6":[16,0],"7":[0,0],"8":[0,1],"9":[1,1],"10":[0,126]},"f":{"1":1,"2":0,"3":16,"4":1,"5":126,"6":2,"7":14,"8":126},"fnMap":{"1":{"name":"(anonymous_1)","line":7,"loc":{"start":{"line":7,"column":21},"end":{"line":7,"column":33}}},"2":{"name":"sliceIterator","line":7,"loc":{"start":{"line":7,"column":35},"end":{"line":7,"column":66}}},"3":{"name":"(anonymous_3)","line":7,"loc":{"start":{"line":7,"column":436},"end":{"line":7,"column":454}}},"4":{"name":"_interopRequireDefault","line":13,"loc":{"start":{"line":13,"column":0},"end":{"line":13,"column":37}}},"5":{"name":"_defineProperty","line":15,"loc":{"start":{"line":15,"column":0},"end":{"line":15,"column":42}}},"6":{"name":"(anonymous_6)","line":34,"loc":{"start":{"line":34,"column":31},"end":{"line":34,"column":47}}},"7":{"name":"(anonymous_7)","line":39,"loc":{"start":{"line":39,"column":36},"end":{"line":39,"column":53}}},"8":{"name":"(anonymous_8)","line":44,"loc":{"start":{"line":44,"column":44},"end":{"line":44,"column":66}}}},"statementMap":{"1":{"start":{"line":3,"column":0},"end":{"line":5,"column":3}},"2":{"start":{"line":7,"column":0},"end":{"line":7,"column":664}},"3":{"start":{"line":7,"column":35},"end":{"line":7,"column":428}},"4":{"start":{"line":7,"column":68},"end":{"line":7,"column":82}},"5":{"start":{"line":7,"column":83},"end":{"line":7,"column":97}},"6":{"start":{"line":7,"column":98},"end":{"line":7,"column":113}},"7":{"start":{"line":7,"column":114},"end":{"line":7,"column":133}},"8":{"start":{"line":7,"column":134},"end":{"line":7,"column":413}},"9":{"start":{"line":7,"column":140},"end":{"line":7,"column":283}},"10":{"start":{"line":7,"column":226},"end":{"line":7,"column":246}},"11":{"start":{"line":7,"column":247},"end":{"line":7,"column":281}},"12":{"start":{"line":7,"column":275},"end":{"line":7,"column":281}},"13":{"start":{"line":7,"column":300},"end":{"line":7,"column":310}},"14":{"start":{"line":7,"column":311},"end":{"line":7,"column":320}},"15":{"start":{"line":7,"column":333},"end":{"line":7,"column":411}},"16":{"start":{"line":7,"column":339},"end":{"line":7,"column":379}},"17":{"start":{"line":7,"column":364},"end":{"line":7,"column":379}},"18":{"start":{"line":7,"column":392},"end":{"line":7,"column":409}},"19":{"start":{"line":7,"column":400},"end":{"line":7,"column":409}},"20":{"start":{"line":7,"column":414},"end":{"line":7,"column":426}},"21":{"start":{"line":7,"column":429},"end":{"line":7,"column":659}},"22":{"start":{"line":7,"column":456},"end":{"line":7,"column":656}},"23":{"start":{"line":7,"column":482},"end":{"line":7,"column":493}},"24":{"start":{"line":7,"column":501},"end":{"line":7,"column":656}},"25":{"start":{"line":7,"column":539},"end":{"line":7,"column":568}},"26":{"start":{"line":7,"column":578},"end":{"line":7,"column":654}},"27":{"start":{"line":9,"column":0},"end":{"line":9,"column":32}},"28":{"start":{"line":11,"column":0},"end":{"line":11,"column":47}},"29":{"start":{"line":13,"column":0},"end":{"line":13,"column":95}},"30":{"start":{"line":13,"column":39},"end":{"line":13,"column":93}},"31":{"start":{"line":15,"column":0},"end":{"line":15,"column":209}},"32":{"start":{"line":15,"column":44},"end":{"line":15,"column":195}},"33":{"start":{"line":15,"column":62},"end":{"line":15,"column":166}},"34":{"start":{"line":15,"column":176},"end":{"line":15,"column":193}},"35":{"start":{"line":15,"column":196},"end":{"line":15,"column":207}},"36":{"start":{"line":17,"column":0},"end":{"line":17,"column":51}},"37":{"start":{"line":19,"column":0},"end":{"line":22,"column":3}},"38":{"start":{"line":23,"column":0},"end":{"line":31,"column":3}},"39":{"start":{"line":33,"column":0},"end":{"line":33,"column":15}},"40":{"start":{"line":34,"column":0},"end":{"line":48,"column":3}},"41":{"start":{"line":35,"column":4},"end":{"line":37,"column":28}},"42":{"start":{"line":39,"column":4},"end":{"line":47,"column":7}},"43":{"start":{"line":40,"column":8},"end":{"line":42,"column":33}},"44":{"start":{"line":44,"column":8},"end":{"line":46,"column":11}},"45":{"start":{"line":45,"column":12},"end":{"line":45,"column":109}},"46":{"start":{"line":50,"column":0},"end":{"line":50,"column":24}}},"branchMap":{"1":{"line":7,"type":"if","locations":[{"start":{"line":7,"column":247},"end":{"line":7,"column":247}},{"start":{"line":7,"column":247},"end":{"line":7,"column":247}}]},"2":{"line":7,"type":"binary-expr","locations":[{"start":{"line":7,"column":251},"end":{"line":7,"column":252}},{"start":{"line":7,"column":256},"end":{"line":7,"column":273}}]},"3":{"line":7,"type":"if","locations":[{"start":{"line":7,"column":339},"end":{"line":7,"column":339}},{"start":{"line":7,"column":339},"end":{"line":7,"column":339}}]},"4":{"line":7,"type":"binary-expr","locations":[{"start":{"line":7,"column":343},"end":{"line":7,"column":346}},{"start":{"line":7,"column":350},"end":{"line":7,"column":362}}]},"5":{"line":7,"type":"if","locations":[{"start":{"line":7,"column":392},"end":{"line":7,"column":392}},{"start":{"line":7,"column":392},"end":{"line":7,"column":392}}]},"6":{"line":7,"type":"if","locations":[{"start":{"line":7,"column":456},"end":{"line":7,"column":456}},{"start":{"line":7,"column":456},"end":{"line":7,"column":456}}]},"7":{"line":7,"type":"if","locations":[{"start":{"line":7,"column":501},"end":{"line":7,"column":501}},{"start":{"line":7,"column":501},"end":{"line":7,"column":501}}]},"8":{"line":13,"type":"cond-expr","locations":[{"start":{"line":13,"column":70},"end":{"line":13,"column":73}},{"start":{"line":13,"column":76},"end":{"line":13,"column":92}}]},"9":{"line":13,"type":"binary-expr","locations":[{"start":{"line":13,"column":46},"end":{"line":13,"column":49}},{"start":{"line":13,"column":53},"end":{"line":13,"column":67}}]},"10":{"line":15,"type":"if","locations":[{"start":{"line":15,"column":44},"end":{"line":15,"column":44}},{"start":{"line":15,"column":44},"end":{"line":15,"column":44}}]}},"code":["\"use strict\";","","Object.defineProperty(exports, \"__esModule\", {","    value: true","});","","var _slicedToArray = function () { function sliceIterator(arr, i) { var _arr = []; var _n = true; var _d = false; var _e = undefined; try { for (var _i = arr[Symbol.iterator](), _s; !(_n = (_s = _i.next()).done); _n = true) { _arr.push(_s.value); if (i && _arr.length === i) break; } } catch (err) { _d = true; _e = err; } finally { try { if (!_n && _i[\"return\"]) _i[\"return\"](); } finally { if (_d) throw _e; } } return _arr; } return function (arr, i) { if (Array.isArray(arr)) { return arr; } else if (Symbol.iterator in Object(arr)) { return sliceIterator(arr, i); } else { throw new TypeError(\"Invalid attempt to destructure non-iterable instance\"); } }; }();","","var _lodash = require(\"lodash\");","","var _lodash2 = _interopRequireDefault(_lodash);","","function _interopRequireDefault(obj) { return obj && obj.__esModule ? obj : { default: obj }; }","","function _defineProperty(obj, key, value) { if (key in obj) { Object.defineProperty(obj, key, { value: value, enumerable: true, configurable: true, writable: true }); } else { obj[key] = value; } return obj; }","","var REM_SCALE = [0, 0.25, 0.5, 1, 2, 4, 8, 16, 32];","","var what = _lodash2.default.toPairs({","    m: \"margin\",","    p: \"padding\"","});","var where = _lodash2.default.toPairs({","    a: \"\",","    h: \"Horizontal\",","    v: \"Vertical\",","    t: \"Top\",","    r: \"Right\",","    b: \"Bottom\",","    l: \"Left\"","});","","var style = {};","_lodash2.default.forEach(what, function (_ref) {","    var _ref2 = _slicedToArray(_ref, 2),","        whatShort = _ref2[0],","        whatLong = _ref2[1];","","    _lodash2.default.forEach(where, function (_ref3) {","        var _ref4 = _slicedToArray(_ref3, 2),","            whereShort = _ref4[0],","            whereLong = _ref4[1];","","        _lodash2.default.forEach(REM_SCALE, function (scale, idx) {","            style[\"\" + whatShort + whereShort + idx] = _defineProperty({}, \"\" + whatLong + whereLong, scale);","        });","    });","});","","exports.default = style;"],"l":{"3":1,"7":16,"9":1,"11":1,"13":1,"15":126,"17":1,"19":1,"23":1,"33":1,"34":1,"35":2,"39":2,"40":14,"44":14,"45":126,"50":1}},"/home/travis/build/npmtest/node-npmtest-react-native-style-tachyons/node_modules/react-native-style-tachyons/lib/styles/text.js":{"path":"/home/travis/build/npmtest/node-npmtest-react-native-style-tachyons/node_modules/react-native-style-tachyons/lib/styles/text.js","s":{"1":1,"2":1},"b":{},"f":{},"fnMap":{},"statementMap":{"1":{"start":{"line":3,"column":0},"end":{"line":5,"column":3}},"2":{"start":{"line":6,"column":0},"end":{"line":22,"column":2}}},"branchMap":{},"code":["\"use strict\";","","Object.defineProperty(exports, \"__esModule\", {","    value: true","});","exports.default = {","    i: {","        fontStyle: \"italic\"","    },","    tl: {","        textAlign: \"left\"","    },","    tc: {","        textAlign: \"center\"","    },","    tr: {","        textAlign: \"right\"","    },","    tj: {","        textAlign: \"justify\"","    }","};"],"l":{"3":1,"6":1}},"/home/travis/build/npmtest/node-npmtest-react-native-style-tachyons/node_modules/react-native-style-tachyons/lib/styles/typeScale.js":{"path":"/home/travis/build/npmtest/node-npmtest-react-native-style-tachyons/node_modules/react-native-style-tachyons/lib/styles/typeScale.js","s":{"1":1,"2":1,"3":1,"4":1,"5":1,"6":1,"7":1,"8":8},"b":{"1":[0,1],"2":[1,1]},"f":{"1":1,"2":8},"fnMap":{"1":{"name":"_interopRequireDefault","line":11,"loc":{"start":{"line":11,"column":0},"end":{"line":11,"column":37}}},"2":{"name":"(anonymous_2)","line":24,"loc":{"start":{"line":24,"column":52},"end":{"line":24,"column":67}}}},"statementMap":{"1":{"start":{"line":3,"column":0},"end":{"line":5,"column":3}},"2":{"start":{"line":7,"column":0},"end":{"line":7,"column":32}},"3":{"start":{"line":9,"column":0},"end":{"line":9,"column":47}},"4":{"start":{"line":11,"column":0},"end":{"line":11,"column":95}},"5":{"start":{"line":11,"column":39},"end":{"line":11,"column":93}},"6":{"start":{"line":13,"column":0},"end":{"line":22,"column":2}},"7":{"start":{"line":24,"column":0},"end":{"line":26,"column":3}},"8":{"start":{"line":25,"column":4},"end":{"line":25,"column":29}}},"branchMap":{"1":{"line":11,"type":"cond-expr","locations":[{"start":{"line":11,"column":70},"end":{"line":11,"column":73}},{"start":{"line":11,"column":76},"end":{"line":11,"column":92}}]},"2":{"line":11,"type":"binary-expr","locations":[{"start":{"line":11,"column":46},"end":{"line":11,"column":49}},{"start":{"line":11,"column":53},"end":{"line":11,"column":67}}]}},"code":["\"use strict\";","","Object.defineProperty(exports, \"__esModule\", {","    value: true","});","","var _lodash = require(\"lodash\");","","var _lodash2 = _interopRequireDefault(_lodash);","","function _interopRequireDefault(obj) { return obj && obj.__esModule ? obj : { default: obj }; }","","var scale = {","    \"f-headline\": 6,","    \"f-subheadline\": 5,","    f1: 3,","    f2: 2.25,","    f3: 1.5,","    f4: 1.25,","    f5: 1,","    f6: 0.875","};","","exports.default = _lodash2.default.mapValues(scale, function (val) {","    return { fontSize: val };","});"],"l":{"3":1,"7":1,"9":1,"11":1,"13":1,"24":1,"25":8}},"/home/travis/build/npmtest/node-npmtest-react-native-style-tachyons/node_modules/react-native-style-tachyons/lib/styles/widths.js":{"path":"/home/travis/build/npmtest/node-npmtest-react-native-style-tachyons/node_modules/react-native-style-tachyons/lib/styles/widths.js","s":{"1":1,"2":1,"3":1,"4":1,"5":1,"6":1,"7":1,"8":6,"9":1,"10":6,"11":1,"12":6},"b":{"1":[0,1],"2":[1,1]},"f":{"1":1,"2":6,"3":6,"4":6},"fnMap":{"1":{"name":"_interopRequireDefault","line":12,"loc":{"start":{"line":12,"column":0},"end":{"line":12,"column":37}}},"2":{"name":"(anonymous_2)","line":21,"loc":{"start":{"line":21,"column":3},"end":{"line":21,"column":18}}},"3":{"name":"(anonymous_3)","line":32,"loc":{"start":{"line":32,"column":3},"end":{"line":32,"column":18}}},"4":{"name":"(anonymous_4)","line":43,"loc":{"start":{"line":43,"column":3},"end":{"line":43,"column":18}}}},"statementMap":{"1":{"start":{"line":3,"column":0},"end":{"line":5,"column":3}},"2":{"start":{"line":6,"column":0},"end":{"line":6,"column":67}},"3":{"start":{"line":8,"column":0},"end":{"line":8,"column":32}},"4":{"start":{"line":10,"column":0},"end":{"line":10,"column":47}},"5":{"start":{"line":12,"column":0},"end":{"line":12,"column":95}},"6":{"start":{"line":12,"column":39},"end":{"line":12,"column":93}},"7":{"start":{"line":14,"column":0},"end":{"line":23,"column":3}},"8":{"start":{"line":22,"column":4},"end":{"line":22,"column":26}},"9":{"start":{"line":25,"column":0},"end":{"line":34,"column":3}},"10":{"start":{"line":33,"column":4},"end":{"line":33,"column":29}},"11":{"start":{"line":36,"column":0},"end":{"line":45,"column":3}},"12":{"start":{"line":44,"column":4},"end":{"line":44,"column":29}}},"branchMap":{"1":{"line":12,"type":"cond-expr","locations":[{"start":{"line":12,"column":70},"end":{"line":12,"column":73}},{"start":{"line":12,"column":76},"end":{"line":12,"column":92}}]},"2":{"line":12,"type":"binary-expr","locations":[{"start":{"line":12,"column":46},"end":{"line":12,"column":49}},{"start":{"line":12,"column":53},"end":{"line":12,"column":67}}]}},"code":["\"use strict\";","","Object.defineProperty(exports, \"__esModule\", {","    value: true","});","exports.minWidths = exports.maxWidths = exports.widths = undefined;","","var _lodash = require(\"lodash\");","","var _lodash2 = _interopRequireDefault(_lodash);","","function _interopRequireDefault(obj) { return obj && obj.__esModule ? obj : { default: obj }; }","","var widths = exports.widths = _lodash2.default.mapValues({","    w1: 1,","    w2: 2,","    w3: 4,","    w4: 8,","    w5: 16,","    w6: 32","}, function (val) {","    return { width: val };","});","","var maxWidths = exports.maxWidths = _lodash2.default.mapValues({","    \"max-w1\": 1,","    \"max-w2\": 2,","    \"max-w3\": 4,","    \"max-w4\": 8,","    \"max-w5\": 16,","    \"max-w6\": 32","}, function (val) {","    return { maxWidth: val };","});","","var minWidths = exports.minWidths = _lodash2.default.mapValues({","    \"min-w1\": 1,","    \"min-w2\": 2,","    \"min-w3\": 4,","    \"min-w4\": 8,","    \"min-w5\": 16,","    \"min-w6\": 32","}, function (val) {","    return { minWidth: val };","});"],"l":{"3":1,"6":1,"8":1,"10":1,"12":1,"14":1,"22":6,"25":1,"33":6,"36":1,"44":6}}}